Simulation at 2024-03-04
Universe size: 100 x 60

Iteration: 1
--------------------------------------
|              |   Count  | Percent  |
|--------------+----------+----------|
| Block        | 0        | 0        |
| Beehive      | 0        | 0        |
| Loaf         | 0        | 0        |
| Boat         | 0        | 0        |
| Tub          | 0        | 0        |
| Blinker      | 0        | 0        |
| Toad         | 0        | 0        |
| Beacon       | 0        | 0        |
| Glider       | 0        | 0        |
| LW Spaceship | 0        | 0        |
|--------------+----------+----------|
| Total        | 0        |          |
--------------------------------------

Iteration: 2
--------------------------------------
|              |   Count  | Percent  |
|--------------+----------+----------|
| Block        | 0        | 0        |
| Beehive      | 0        | 0        |
| Loaf         | 0        | 0        |
| Boat         | 0        | 0        |
| Tub          | 0        | 0        |
| Blinker      | 0        | 0        |
| Toad         | 0        | 0        |
| Beacon       | 0        | 0        |
| Glider       | 0        | 0        |
| LW Spaceship | 0        | 0        |
|--------------+----------+----------|
| Total        | 0        |          |
--------------------------------------

Iteration: 3
--------------------------------------
|              |   Count  | Percent  |
|--------------+----------+----------|
| Block        | 0        | 0        |
| Beehive      | 0        | 0        |
| Loaf         | 0        | 0        |
| Boat         | 0        | 0        |
| Tub          | 0        | 0        |
| Blinker      | 0        | 0        |
| Toad         | 0        | 0        |
| Beacon       | 0        | 0        |
| Glider       | 0        | 0        |
| LW Spaceship | 0        | 0        |
|--------------+----------+----------|
| Total        | 0        |          |
--------------------------------------

Iteration: 4
--------------------------------------
|              |   Count  | Percent  |
|--------------+----------+----------|
| Block        | 0        | 0        |
| Beehive      | 0        | 0        |
| Loaf         | 0        | 0        |
| Boat         | 0        | 0        |
| Tub          | 0        | 0        |
| Blinker      | 1        | 100      |
| Toad         | 0        | 0        |
| Beacon       | 0        | 0        |
| Glider       | 0        | 0        |
| LW Spaceship | 0        | 0        |
|--------------+----------+----------|
| Total        | 1        |          |
--------------------------------------

Iteration: 5
--------------------------------------
|              |   Count  | Percent  |
|--------------+----------+----------|
| Block        | 0        | 0        |
| Beehive      | 0        | 0        |
| Loaf         | 0        | 0        |
| Boat         | 0        | 0        |
| Tub          | 0        | 0        |
| Blinker      | 0        | 0        |
| Toad         | 0        | 0        |
| Beacon       | 0        | 0        |
| Glider       | 0        | 0        |
| LW Spaceship | 0        | 0        |
|--------------+----------+----------|
| Total        | 0        |          |
--------------------------------------

Iteration: 6
--------------------------------------
|              |   Count  | Percent  |
|--------------+----------+----------|
| Block        | 0        | 0        |
| Beehive      | 0        | 0        |
| Loaf         | 0        | 0        |
| Boat         | 0        | 0        |
| Tub          | 0        | 0        |
| Blinker      | 0        | 0        |
| Toad         | 0        | 0        |
| Beacon       | 0        | 0        |
| Glider       | 0        | 0        |
| LW Spaceship | 0        | 0        |
|--------------+----------+----------|
| Total        | 0        |          |
--------------------------------------

Iteration: 7
--------------------------------------
|              |   Count  | Percent  |
|--------------+----------+----------|
| Block        | 0        | 0        |
| Beehive      | 0        | 0        |
| Loaf         | 0        | 0        |
| Boat         | 0        | 0        |
| Tub          | 0        | 0        |
| Blinker      | 0        | 0        |
| Toad         | 0        | 0        |
| Beacon       | 0        | 0        |
| Glider       | 0        | 0        |
| LW Spaceship | 0        | 0        |
|--------------+----------+----------|
| Total        | 0        |          |
--------------------------------------

Iteration: 8
--------------------------------------
|              |   Count  | Percent  |
|--------------+----------+----------|
| Block        | 0        | 0        |
| Beehive      | 0        | 0        |
| Loaf         | 0        | 0        |
| Boat         | 0        | 0        |
| Tub          | 0        | 0        |
| Blinker      | 0        | 0        |
| Toad         | 0        | 0        |
| Beacon       | 0        | 0        |
| Glider       | 0        | 0        |
| LW Spaceship | 0        | 0        |
|--------------+----------+----------|
| Total        | 0        |          |
--------------------------------------

Iteration: 9
--------------------------------------
|              |   Count  | Percent  |
|--------------+----------+----------|
| Block        | 0        | 0        |
| Beehive      | 0        | 0        |
| Loaf         | 0        | 0        |
| Boat         | 0        | 0        |
| Tub          | 0        | 0        |
| Blinker      | 0        | 0        |
| Toad         | 0        | 0        |
| Beacon       | 0        | 0        |
| Glider       | 0        | 0        |
| LW Spaceship | 0        | 0        |
|--------------+----------+----------|
| Total        | 0        |          |
--------------------------------------

Iteration: 10
--------------------------------------
|              |   Count  | Percent  |
|--------------+----------+----------|
| Block        | 0        | 0        |
| Beehive      | 0        | 0        |
| Loaf         | 0        | 0        |
| Boat         | 0        | 0        |
| Tub          | 0        | 0        |
| Blinker      | 0        | 0        |
| Toad         | 0        | 0        |
| Beacon       | 0        | 0        |
| Glider       | 0        | 0        |
| LW Spaceship | 0        | 0        |
|--------------+----------+----------|
| Total        | 0        |          |
--------------------------------------

Iteration: 11
--------------------------------------
|              |   Count  | Percent  |
|--------------+----------+----------|
| Block        | 0        | 0        |
| Beehive      | 0        | 0        |
| Loaf         | 0        | 0        |
| Boat         | 0        | 0        |
| Tub          | 0        | 0        |
| Blinker      | 0        | 0        |
| Toad         | 0        | 0        |
| Beacon       | 0        | 0        |
| Glider       | 0        | 0        |
| LW Spaceship | 0        | 0        |
|--------------+----------+----------|
| Total        | 0        |          |
--------------------------------------

Iteration: 12
--------------------------------------
|              |   Count  | Percent  |
|--------------+----------+----------|
| Block        | 0        | 0        |
| Beehive      | 0        | 0        |
| Loaf         | 0        | 0        |
| Boat         | 0        | 0        |
| Tub          | 0        | 0        |
| Blinker      | 0        | 0        |
| Toad         | 0        | 0        |
| Beacon       | 0        | 0        |
| Glider       | 0        | 0        |
| LW Spaceship | 0        | 0        |
|--------------+----------+----------|
| Total        | 0        |          |
--------------------------------------

Iteration: 13
--------------------------------------
|              |   Count  | Percent  |
|--------------+----------+----------|
| Block        | 0        | 0        |
| Beehive      | 0        | 0        |
| Loaf         | 0        | 0        |
| Boat         | 0        | 0        |
| Tub          | 0        | 0        |
| Blinker      | 0        | 0        |
| Toad         | 0        | 0        |
| Beacon       | 0        | 0        |
| Glider       | 0        | 0        |
| LW Spaceship | 0        | 0        |
|--------------+----------+----------|
| Total        | 0        |          |
--------------------------------------

Iteration: 14
--------------------------------------
|              |   Count  | Percent  |
|--------------+----------+----------|
| Block        | 0        | 0        |
| Beehive      | 0        | 0        |
| Loaf         | 0        | 0        |
| Boat         | 0        | 0        |
| Tub          | 0        | 0        |
| Blinker      | 0        | 0        |
| Toad         | 0        | 0        |
| Beacon       | 0        | 0        |
| Glider       | 0        | 0        |
| LW Spaceship | 0        | 0        |
|--------------+----------+----------|
| Total        | 0        |          |
--------------------------------------

Iteration: 15
--------------------------------------
|              |   Count  | Percent  |
|--------------+----------+----------|
| Block        | 0        | 0        |
| Beehive      | 0        | 0        |
| Loaf         | 0        | 0        |
| Boat         | 0        | 0        |
| Tub          | 0        | 0        |
| Blinker      | 0        | 0        |
| Toad         | 0        | 0        |
| Beacon       | 0        | 0        |
| Glider       | 0        | 0        |
| LW Spaceship | 0        | 0        |
|--------------+----------+----------|
| Total        | 0        |          |
--------------------------------------

Iteration: 16
--------------------------------------
|              |   Count  | Percent  |
|--------------+----------+----------|
| Block        | 0        | 0        |
| Beehive      | 0        | 0        |
| Loaf         | 0        | 0        |
| Boat         | 0        | 0        |
| Tub          | 0        | 0        |
| Blinker      | 0        | 0        |
| Toad         | 0        | 0        |
| Beacon       | 0        | 0        |
| Glider       | 0        | 0        |
| LW Spaceship | 0        | 0        |
|--------------+----------+----------|
| Total        | 0        |          |
--------------------------------------

Iteration: 17
--------------------------------------
|              |   Count  | Percent  |
|--------------+----------+----------|
| Block        | 0        | 0        |
| Beehive      | 0        | 0        |
| Loaf         | 0        | 0        |
| Boat         | 0        | 0        |
| Tub          | 0        | 0        |
| Blinker      | 0        | 0        |
| Toad         | 0        | 0        |
| Beacon       | 0        | 0        |
| Glider       | 0        | 0        |
| LW Spaceship | 0        | 0        |
|--------------+----------+----------|
| Total        | 0        |          |
--------------------------------------

Iteration: 18
--------------------------------------
|              |   Count  | Percent  |
|--------------+----------+----------|
| Block        | 1        | 100      |
| Beehive      | 0        | 0        |
| Loaf         | 0        | 0        |
| Boat         | 0        | 0        |
| Tub          | 0        | 0        |
| Blinker      | 0        | 0        |
| Toad         | 0        | 0        |
| Beacon       | 0        | 0        |
| Glider       | 0        | 0        |
| LW Spaceship | 0        | 0        |
|--------------+----------+----------|
| Total        | 1        |          |
--------------------------------------

Iteration: 19
--------------------------------------
|              |   Count  | Percent  |
|--------------+----------+----------|
| Block        | 2        | 100      |
| Beehive      | 0        | 0        |
| Loaf         | 0        | 0        |
| Boat         | 0        | 0        |
| Tub          | 0        | 0        |
| Blinker      | 0        | 0        |
| Toad         | 0        | 0        |
| Beacon       | 0        | 0        |
| Glider       | 0        | 0        |
| LW Spaceship | 0        | 0        |
|--------------+----------+----------|
| Total        | 2        |          |
--------------------------------------

Iteration: 20
--------------------------------------
|              |   Count  | Percent  |
|--------------+----------+----------|
| Block        | 1        | 100      |
| Beehive      | 0        | 0        |
| Loaf         | 0        | 0        |
| Boat         | 0        | 0        |
| Tub          | 0        | 0        |
| Blinker      | 0        | 0        |
| Toad         | 0        | 0        |
| Beacon       | 0        | 0        |
| Glider       | 0        | 0        |
| LW Spaceship | 0        | 0        |
|--------------+----------+----------|
| Total        | 1        |          |
--------------------------------------

Iteration: 21
--------------------------------------
|              |   Count  | Percent  |
|--------------+----------+----------|
| Block        | 1        | 100      |
| Beehive      | 0        | 0        |
| Loaf         | 0        | 0        |
| Boat         | 0        | 0        |
| Tub          | 0        | 0        |
| Blinker      | 0        | 0        |
| Toad         | 0        | 0        |
| Beacon       | 0        | 0        |
| Glider       | 0        | 0        |
| LW Spaceship | 0        | 0        |
|--------------+----------+----------|
| Total        | 1        |          |
--------------------------------------

Iteration: 22
--------------------------------------
|              |   Count  | Percent  |
|--------------+----------+----------|
| Block        | 1        | 100      |
| Beehive      | 0        | 0        |
| Loaf         | 0        | 0        |
| Boat         | 0        | 0        |
| Tub          | 0        | 0        |
| Blinker      | 0        | 0        |
| Toad         | 0        | 0        |
| Beacon       | 0        | 0        |
| Glider       | 0        | 0        |
| LW Spaceship | 0        | 0        |
|--------------+----------+----------|
| Total        | 1        |          |
--------------------------------------

Iteration: 23
--------------------------------------
|              |   Count  | Percent  |
|--------------+----------+----------|
| Block        | 1        | 100      |
| Beehive      | 0        | 0        |
| Loaf         | 0        | 0        |
| Boat         | 0        | 0        |
| Tub          | 0        | 0        |
| Blinker      | 0        | 0        |
| Toad         | 0        | 0        |
| Beacon       | 0        | 0        |
| Glider       | 0        | 0        |
| LW Spaceship | 0        | 0        |
|--------------+----------+----------|
| Total        | 1        |          |
--------------------------------------

Iteration: 24
--------------------------------------
|              |   Count  | Percent  |
|--------------+----------+----------|
| Block        | 1        | 100      |
| Beehive      | 0        | 0        |
| Loaf         | 0        | 0        |
| Boat         | 0        | 0        |
| Tub          | 0        | 0        |
| Blinker      | 0        | 0        |
| Toad         | 0        | 0        |
| Beacon       | 0        | 0        |
| Glider       | 0        | 0        |
| LW Spaceship | 0        | 0        |
|--------------+----------+----------|
| Total        | 1        |          |
--------------------------------------

Iteration: 25
--------------------------------------
|              |   Count  | Percent  |
|--------------+----------+----------|
| Block        | 1        | 50       |
| Beehive      | 0        | 0        |
| Loaf         | 1        | 50       |
| Boat         | 0        | 0        |
| Tub          | 0        | 0        |
| Blinker      | 0        | 0        |
| Toad         | 0        | 0        |
| Beacon       | 0        | 0        |
| Glider       | 0        | 0        |
| LW Spaceship | 0        | 0        |
|--------------+----------+----------|
| Total        | 2        |          |
--------------------------------------

Iteration: 26
--------------------------------------
|              |   Count  | Percent  |
|--------------+----------+----------|
| Block        | 1        | 50       |
| Beehive      | 0        | 0        |
| Loaf         | 1        | 50       |
| Boat         | 0        | 0        |
| Tub          | 0        | 0        |
| Blinker      | 0        | 0        |
| Toad         | 0        | 0        |
| Beacon       | 0        | 0        |
| Glider       | 0        | 0        |
| LW Spaceship | 0        | 0        |
|--------------+----------+----------|
| Total        | 2        |          |
--------------------------------------

Iteration: 27
--------------------------------------
|              |   Count  | Percent  |
|--------------+----------+----------|
| Block        | 1        | 50       |
| Beehive      | 0        | 0        |
| Loaf         | 1        | 50       |
| Boat         | 0        | 0        |
| Tub          | 0        | 0        |
| Blinker      | 0        | 0        |
| Toad         | 0        | 0        |
| Beacon       | 0        | 0        |
| Glider       | 0        | 0        |
| LW Spaceship | 0        | 0        |
|--------------+----------+----------|
| Total        | 2        |          |
--------------------------------------

Iteration: 28
--------------------------------------
|              |   Count  | Percent  |
|--------------+----------+----------|
| Block        | 1        | 50       |
| Beehive      | 0        | 0        |
| Loaf         | 1        | 50       |
| Boat         | 0        | 0        |
| Tub          | 0        | 0        |
| Blinker      | 0        | 0        |
| Toad         | 0        | 0        |
| Beacon       | 0        | 0        |
| Glider       | 0        | 0        |
| LW Spaceship | 0        | 0        |
|--------------+----------+----------|
| Total        | 2        |          |
--------------------------------------

Iteration: 29
--------------------------------------
|              |   Count  | Percent  |
|--------------+----------+----------|
| Block        | 1        | 50       |
| Beehive      | 0        | 0        |
| Loaf         | 1        | 50       |
| Boat         | 0        | 0        |
| Tub          | 0        | 0        |
| Blinker      | 0        | 0        |
| Toad         | 0        | 0        |
| Beacon       | 0        | 0        |
| Glider       | 0        | 0        |
| LW Spaceship | 0        | 0        |
|--------------+----------+----------|
| Total        | 2        |          |
--------------------------------------

Iteration: 30
--------------------------------------
|              |   Count  | Percent  |
|--------------+----------+----------|
| Block        | 1        | 100      |
| Beehive      | 0        | 0        |
| Loaf         | 0        | 0        |
| Boat         | 0        | 0        |
| Tub          | 0        | 0        |
| Blinker      | 0        | 0        |
| Toad         | 0        | 0        |
| Beacon       | 0        | 0        |
| Glider       | 0        | 0        |
| LW Spaceship | 0        | 0        |
|--------------+----------+----------|
| Total        | 1        |          |
--------------------------------------

Iteration: 31
--------------------------------------
|              |   Count  | Percent  |
|--------------+----------+----------|
| Block        | 1        | 100      |
| Beehive      | 0        | 0        |
| Loaf         | 0        | 0        |
| Boat         | 0        | 0        |
| Tub          | 0        | 0        |
| Blinker      | 0        | 0        |
| Toad         | 0        | 0        |
| Beacon       | 0        | 0        |
| Glider       | 0        | 0        |
| LW Spaceship | 0        | 0        |
|--------------+----------+----------|
| Total        | 1        |          |
--------------------------------------

Iteration: 32
--------------------------------------
|              |   Count  | Percent  |
|--------------+----------+----------|
| Block        | 1        | 100      |
| Beehive      | 0        | 0        |
| Loaf         | 0        | 0        |
| Boat         | 0        | 0        |
| Tub          | 0        | 0        |
| Blinker      | 0        | 0        |
| Toad         | 0        | 0        |
| Beacon       | 0        | 0        |
| Glider       | 0        | 0        |
| LW Spaceship | 0        | 0        |
|--------------+----------+----------|
| Total        | 1        |          |
--------------------------------------

Iteration: 33
--------------------------------------
|              |   Count  | Percent  |
|--------------+----------+----------|
| Block        | 1        | 100      |
| Beehive      | 0        | 0        |
| Loaf         | 0        | 0        |
| Boat         | 0        | 0        |
| Tub          | 0        | 0        |
| Blinker      | 0        | 0        |
| Toad         | 0        | 0        |
| Beacon       | 0        | 0        |
| Glider       | 0        | 0        |
| LW Spaceship | 0        | 0        |
|--------------+----------+----------|
| Total        | 1        |          |
--------------------------------------

Iteration: 34
--------------------------------------
|              |   Count  | Percent  |
|--------------+----------+----------|
| Block        | 1        | 100      |
| Beehive      | 0        | 0        |
| Loaf         | 0        | 0        |
| Boat         | 0        | 0        |
| Tub          | 0        | 0        |
| Blinker      | 0        | 0        |
| Toad         | 0        | 0        |
| Beacon       | 0        | 0        |
| Glider       | 0        | 0        |
| LW Spaceship | 0        | 0        |
|--------------+----------+----------|
| Total        | 1        |          |
--------------------------------------

Iteration: 35
--------------------------------------
|              |   Count  | Percent  |
|--------------+----------+----------|
| Block        | 1        | 100      |
| Beehive      | 0        | 0        |
| Loaf         | 0        | 0        |
| Boat         | 0        | 0        |
| Tub          | 0        | 0        |
| Blinker      | 0        | 0        |
| Toad         | 0        | 0        |
| Beacon       | 0        | 0        |
| Glider       | 0        | 0        |
| LW Spaceship | 0        | 0        |
|--------------+----------+----------|
| Total        | 1        |          |
--------------------------------------

Iteration: 36
--------------------------------------
|              |   Count  | Percent  |
|--------------+----------+----------|
| Block        | 1        | 100      |
| Beehive      | 0        | 0        |
| Loaf         | 0        | 0        |
| Boat         | 0        | 0        |
| Tub          | 0        | 0        |
| Blinker      | 0        | 0        |
| Toad         | 0        | 0        |
| Beacon       | 0        | 0        |
| Glider       | 0        | 0        |
| LW Spaceship | 0        | 0        |
|--------------+----------+----------|
| Total        | 1        |          |
--------------------------------------

Iteration: 37
--------------------------------------
|              |   Count  | Percent  |
|--------------+----------+----------|
| Block        | 1        | 100      |
| Beehive      | 0        | 0        |
| Loaf         | 0        | 0        |
| Boat         | 0        | 0        |
| Tub          | 0        | 0        |
| Blinker      | 0        | 0        |
| Toad         | 0        | 0        |
| Beacon       | 0        | 0        |
| Glider       | 0        | 0        |
| LW Spaceship | 0        | 0        |
|--------------+----------+----------|
| Total        | 1        |          |
--------------------------------------

Iteration: 38
--------------------------------------
|              |   Count  | Percent  |
|--------------+----------+----------|
| Block        | 1        | 100      |
| Beehive      | 0        | 0        |
| Loaf         | 0        | 0        |
| Boat         | 0        | 0        |
| Tub          | 0        | 0        |
| Blinker      | 0        | 0        |
| Toad         | 0        | 0        |
| Beacon       | 0        | 0        |
| Glider       | 0        | 0        |
| LW Spaceship | 0        | 0        |
|--------------+----------+----------|
| Total        | 1        |          |
--------------------------------------

Iteration: 39
--------------------------------------
|              |   Count  | Percent  |
|--------------+----------+----------|
| Block        | 1        | 100      |
| Beehive      | 0        | 0        |
| Loaf         | 0        | 0        |
| Boat         | 0        | 0        |
| Tub          | 0        | 0        |
| Blinker      | 0        | 0        |
| Toad         | 0        | 0        |
| Beacon       | 0        | 0        |
| Glider       | 0        | 0        |
| LW Spaceship | 0        | 0        |
|--------------+----------+----------|
| Total        | 1        |          |
--------------------------------------

Iteration: 40
--------------------------------------
|              |   Count  | Percent  |
|--------------+----------+----------|
| Block        | 1        | 100      |
| Beehive      | 0        | 0        |
| Loaf         | 0        | 0        |
| Boat         | 0        | 0        |
| Tub          | 0        | 0        |
| Blinker      | 0        | 0        |
| Toad         | 0        | 0        |
| Beacon       | 0        | 0        |
| Glider       | 0        | 0        |
| LW Spaceship | 0        | 0        |
|--------------+----------+----------|
| Total        | 1        |          |
--------------------------------------

Iteration: 41
--------------------------------------
|              |   Count  | Percent  |
|--------------+----------+----------|
| Block        | 1        | 100      |
| Beehive      | 0        | 0        |
| Loaf         | 0        | 0        |
| Boat         | 0        | 0        |
| Tub          | 0        | 0        |
| Blinker      | 0        | 0        |
| Toad         | 0        | 0        |
| Beacon       | 0        | 0        |
| Glider       | 0        | 0        |
| LW Spaceship | 0        | 0        |
|--------------+----------+----------|
| Total        | 1        |          |
--------------------------------------

Iteration: 42
--------------------------------------
|              |   Count  | Percent  |
|--------------+----------+----------|
| Block        | 1        | 100      |
| Beehive      | 0        | 0        |
| Loaf         | 0        | 0        |
| Boat         | 0        | 0        |
| Tub          | 0        | 0        |
| Blinker      | 0        | 0        |
| Toad         | 0        | 0        |
| Beacon       | 0        | 0        |
| Glider       | 0        | 0        |
| LW Spaceship | 0        | 0        |
|--------------+----------+----------|
| Total        | 1        |          |
--------------------------------------

Iteration: 43
--------------------------------------
|              |   Count  | Percent  |
|--------------+----------+----------|
| Block        | 1        | 100      |
| Beehive      | 0        | 0        |
| Loaf         | 0        | 0        |
| Boat         | 0        | 0        |
| Tub          | 0        | 0        |
| Blinker      | 0        | 0        |
| Toad         | 0        | 0        |
| Beacon       | 0        | 0        |
| Glider       | 0        | 0        |
| LW Spaceship | 0        | 0        |
|--------------+----------+----------|
| Total        | 1        |          |
--------------------------------------