Simulation at 2024-03-04
Universe size: 80 x 50

Iteration: 1
--------------------------------------
|              |   Count  | Percent  |
|--------------+----------+----------|
| Block        | 0        | 0        |
| Beehive      | 0        | 0        |
| Loaf         | 0        | 0        |
| Boat         | 0        | 0        |
| Tub          | 0        | 0        |
| Blinker      | 0        | 0        |
| Toad         | 0        | 0        |
| Beacon       | 0        | 0        |
| Glider       | 0        | 0        |
| LW Spaceship | 0        | 0        |
|--------------+----------+----------|
| Total        | 0        |          |
--------------------------------------

Iteration: 2
--------------------------------------
|              |   Count  | Percent  |
|--------------+----------+----------|
| Block        | 0        | 0        |
| Beehive      | 0        | 0        |
| Loaf         | 0        | 0        |
| Boat         | 0        | 0        |
| Tub          | 0        | 0        |
| Blinker      | 0        | 0        |
| Toad         | 0        | 0        |
| Beacon       | 0        | 0        |
| Glider       | 0        | 0        |
| LW Spaceship | 0        | 0        |
|--------------+----------+----------|
| Total        | 0        |          |
--------------------------------------

Iteration: 3
--------------------------------------
|              |   Count  | Percent  |
|--------------+----------+----------|
| Block        | 0        | 0        |
| Beehive      | 0        | 0        |
| Loaf         | 0        | 0        |
| Boat         | 0        | 0        |
| Tub          | 0        | 0        |
| Blinker      | 0        | 0        |
| Toad         | 0        | 0        |
| Beacon       | 0        | 0        |
| Glider       | 0        | 0        |
| LW Spaceship | 0        | 0        |
|--------------+----------+----------|
| Total        | 0        |          |
--------------------------------------

Iteration: 4
--------------------------------------
|              |   Count  | Percent  |
|--------------+----------+----------|
| Block        | 0        | 0        |
| Beehive      | 0        | 0        |
| Loaf         | 0        | 0        |
| Boat         | 0        | 0        |
| Tub          | 0        | 0        |
| Blinker      | 0        | 0        |
| Toad         | 0        | 0        |
| Beacon       | 0        | 0        |
| Glider       | 0        | 0        |
| LW Spaceship | 0        | 0        |
|--------------+----------+----------|
| Total        | 0        |          |
--------------------------------------

Iteration: 5
--------------------------------------
|              |   Count  | Percent  |
|--------------+----------+----------|
| Block        | 0        | 0        |
| Beehive      | 0        | 0        |
| Loaf         | 0        | 0        |
| Boat         | 0        | 0        |
| Tub          | 0        | 0        |
| Blinker      | 0        | 0        |
| Toad         | 0        | 0        |
| Beacon       | 0        | 0        |
| Glider       | 0        | 0        |
| LW Spaceship | 0        | 0        |
|--------------+----------+----------|
| Total        | 0        |          |
--------------------------------------

Iteration: 6
--------------------------------------
|              |   Count  | Percent  |
|--------------+----------+----------|
| Block        | 0        | 0        |
| Beehive      | 0        | 0        |
| Loaf         | 0        | 0        |
| Boat         | 0        | 0        |
| Tub          | 0        | 0        |
| Blinker      | 0        | 0        |
| Toad         | 0        | 0        |
| Beacon       | 0        | 0        |
| Glider       | 0        | 0        |
| LW Spaceship | 0        | 0        |
|--------------+----------+----------|
| Total        | 0        |          |
--------------------------------------

Iteration: 7
--------------------------------------
|              |   Count  | Percent  |
|--------------+----------+----------|
| Block        | 0        | 0        |
| Beehive      | 0        | 0        |
| Loaf         | 0        | 0        |
| Boat         | 0        | 0        |
| Tub          | 0        | 0        |
| Blinker      | 0        | 0        |
| Toad         | 0        | 0        |
| Beacon       | 0        | 0        |
| Glider       | 0        | 0        |
| LW Spaceship | 0        | 0        |
|--------------+----------+----------|
| Total        | 0        |          |
--------------------------------------

Iteration: 8
--------------------------------------
|              |   Count  | Percent  |
|--------------+----------+----------|
| Block        | 0        | 0        |
| Beehive      | 0        | 0        |
| Loaf         | 0        | 0        |
| Boat         | 0        | 0        |
| Tub          | 0        | 0        |
| Blinker      | 0        | 0        |
| Toad         | 0        | 0        |
| Beacon       | 0        | 0        |
| Glider       | 0        | 0        |
| LW Spaceship | 0        | 0        |
|--------------+----------+----------|
| Total        | 0        |          |
--------------------------------------

Iteration: 9
--------------------------------------
|              |   Count  | Percent  |
|--------------+----------+----------|
| Block        | 0        | 0        |
| Beehive      | 0        | 0        |
| Loaf         | 1        | 100      |
| Boat         | 0        | 0        |
| Tub          | 0        | 0        |
| Blinker      | 0        | 0        |
| Toad         | 0        | 0        |
| Beacon       | 0        | 0        |
| Glider       | 0        | 0        |
| LW Spaceship | 0        | 0        |
|--------------+----------+----------|
| Total        | 1        |          |
--------------------------------------

Iteration: 10
--------------------------------------
|              |   Count  | Percent  |
|--------------+----------+----------|
| Block        | 0        | 0        |
| Beehive      | 0        | 0        |
| Loaf         | 0        | 0        |
| Boat         | 0        | 0        |
| Tub          | 0        | 0        |
| Blinker      | 0        | 0        |
| Toad         | 0        | 0        |
| Beacon       | 0        | 0        |
| Glider       | 0        | 0        |
| LW Spaceship | 0        | 0        |
|--------------+----------+----------|
| Total        | 0        |          |
--------------------------------------

Iteration: 11
--------------------------------------
|              |   Count  | Percent  |
|--------------+----------+----------|
| Block        | 0        | 0        |
| Beehive      | 0        | 0        |
| Loaf         | 0        | 0        |
| Boat         | 0        | 0        |
| Tub          | 0        | 0        |
| Blinker      | 0        | 0        |
| Toad         | 0        | 0        |
| Beacon       | 0        | 0        |
| Glider       | 0        | 0        |
| LW Spaceship | 0        | 0        |
|--------------+----------+----------|
| Total        | 0        |          |
--------------------------------------

Iteration: 12
--------------------------------------
|              |   Count  | Percent  |
|--------------+----------+----------|
| Block        | 0        | 0        |
| Beehive      | 0        | 0        |
| Loaf         | 0        | 0        |
| Boat         | 0        | 0        |
| Tub          | 0        | 0        |
| Blinker      | 0        | 0        |
| Toad         | 0        | 0        |
| Beacon       | 0        | 0        |
| Glider       | 0        | 0        |
| LW Spaceship | 0        | 0        |
|--------------+----------+----------|
| Total        | 0        |          |
--------------------------------------

Iteration: 13
--------------------------------------
|              |   Count  | Percent  |
|--------------+----------+----------|
| Block        | 0        | 0        |
| Beehive      | 0        | 0        |
| Loaf         | 0        | 0        |
| Boat         | 0        | 0        |
| Tub          | 0        | 0        |
| Blinker      | 0        | 0        |
| Toad         | 0        | 0        |
| Beacon       | 0        | 0        |
| Glider       | 0        | 0        |
| LW Spaceship | 0        | 0        |
|--------------+----------+----------|
| Total        | 0        |          |
--------------------------------------

Iteration: 14
--------------------------------------
|              |   Count  | Percent  |
|--------------+----------+----------|
| Block        | 0        | 0        |
| Beehive      | 0        | 0        |
| Loaf         | 0        | 0        |
| Boat         | 0        | 0        |
| Tub          | 0        | 0        |
| Blinker      | 0        | 0        |
| Toad         | 0        | 0        |
| Beacon       | 0        | 0        |
| Glider       | 0        | 0        |
| LW Spaceship | 0        | 0        |
|--------------+----------+----------|
| Total        | 0        |          |
--------------------------------------

Iteration: 15
--------------------------------------
|              |   Count  | Percent  |
|--------------+----------+----------|
| Block        | 0        | 0        |
| Beehive      | 0        | 0        |
| Loaf         | 0        | 0        |
| Boat         | 0        | 0        |
| Tub          | 0        | 0        |
| Blinker      | 0        | 0        |
| Toad         | 0        | 0        |
| Beacon       | 0        | 0        |
| Glider       | 0        | 0        |
| LW Spaceship | 0        | 0        |
|--------------+----------+----------|
| Total        | 0        |          |
--------------------------------------

Iteration: 16
--------------------------------------
|              |   Count  | Percent  |
|--------------+----------+----------|
| Block        | 0        | 0        |
| Beehive      | 0        | 0        |
| Loaf         | 0        | 0        |
| Boat         | 0        | 0        |
| Tub          | 0        | 0        |
| Blinker      | 0        | 0        |
| Toad         | 0        | 0        |
| Beacon       | 0        | 0        |
| Glider       | 0        | 0        |
| LW Spaceship | 0        | 0        |
|--------------+----------+----------|
| Total        | 0        |          |
--------------------------------------

Iteration: 17
--------------------------------------
|              |   Count  | Percent  |
|--------------+----------+----------|
| Block        | 0        | 0        |
| Beehive      | 0        | 0        |
| Loaf         | 0        | 0        |
| Boat         | 0        | 0        |
| Tub          | 0        | 0        |
| Blinker      | 0        | 0        |
| Toad         | 0        | 0        |
| Beacon       | 0        | 0        |
| Glider       | 0        | 0        |
| LW Spaceship | 0        | 0        |
|--------------+----------+----------|
| Total        | 0        |          |
--------------------------------------

Iteration: 18
--------------------------------------
|              |   Count  | Percent  |
|--------------+----------+----------|
| Block        | 0        | 0        |
| Beehive      | 0        | 0        |
| Loaf         | 0        | 0        |
| Boat         | 0        | 0        |
| Tub          | 0        | 0        |
| Blinker      | 0        | 0        |
| Toad         | 0        | 0        |
| Beacon       | 0        | 0        |
| Glider       | 0        | 0        |
| LW Spaceship | 0        | 0        |
|--------------+----------+----------|
| Total        | 0        |          |
--------------------------------------

Iteration: 19
--------------------------------------
|              |   Count  | Percent  |
|--------------+----------+----------|
| Block        | 0        | 0        |
| Beehive      | 0        | 0        |
| Loaf         | 0        | 0        |
| Boat         | 0        | 0        |
| Tub          | 0        | 0        |
| Blinker      | 0        | 0        |
| Toad         | 0        | 0        |
| Beacon       | 0        | 0        |
| Glider       | 0        | 0        |
| LW Spaceship | 0        | 0        |
|--------------+----------+----------|
| Total        | 0        |          |
--------------------------------------

Iteration: 20
--------------------------------------
|              |   Count  | Percent  |
|--------------+----------+----------|
| Block        | 0        | 0        |
| Beehive      | 0        | 0        |
| Loaf         | 0        | 0        |
| Boat         | 0        | 0        |
| Tub          | 0        | 0        |
| Blinker      | 0        | 0        |
| Toad         | 0        | 0        |
| Beacon       | 0        | 0        |
| Glider       | 0        | 0        |
| LW Spaceship | 0        | 0        |
|--------------+----------+----------|
| Total        | 0        |          |
--------------------------------------

Iteration: 21
--------------------------------------
|              |   Count  | Percent  |
|--------------+----------+----------|
| Block        | 0        | 0        |
| Beehive      | 0        | 0        |
| Loaf         | 0        | 0        |
| Boat         | 0        | 0        |
| Tub          | 0        | 0        |
| Blinker      | 0        | 0        |
| Toad         | 0        | 0        |
| Beacon       | 0        | 0        |
| Glider       | 0        | 0        |
| LW Spaceship | 0        | 0        |
|--------------+----------+----------|
| Total        | 0        |          |
--------------------------------------

Iteration: 22
--------------------------------------
|              |   Count  | Percent  |
|--------------+----------+----------|
| Block        | 0        | 0        |
| Beehive      | 0        | 0        |
| Loaf         | 0        | 0        |
| Boat         | 0        | 0        |
| Tub          | 0        | 0        |
| Blinker      | 0        | 0        |
| Toad         | 0        | 0        |
| Beacon       | 0        | 0        |
| Glider       | 0        | 0        |
| LW Spaceship | 0        | 0        |
|--------------+----------+----------|
| Total        | 0        |          |
--------------------------------------

Iteration: 23
--------------------------------------
|              |   Count  | Percent  |
|--------------+----------+----------|
| Block        | 0        | 0        |
| Beehive      | 0        | 0        |
| Loaf         | 0        | 0        |
| Boat         | 0        | 0        |
| Tub          | 0        | 0        |
| Blinker      | 0        | 0        |
| Toad         | 0        | 0        |
| Beacon       | 0        | 0        |
| Glider       | 0        | 0        |
| LW Spaceship | 0        | 0        |
|--------------+----------+----------|
| Total        | 0        |          |
--------------------------------------

Iteration: 24
--------------------------------------
|              |   Count  | Percent  |
|--------------+----------+----------|
| Block        | 0        | 0        |
| Beehive      | 0        | 0        |
| Loaf         | 0        | 0        |
| Boat         | 0        | 0        |
| Tub          | 0        | 0        |
| Blinker      | 0        | 0        |
| Toad         | 0        | 0        |
| Beacon       | 0        | 0        |
| Glider       | 0        | 0        |
| LW Spaceship | 0        | 0        |
|--------------+----------+----------|
| Total        | 0        |          |
--------------------------------------

Iteration: 25
--------------------------------------
|              |   Count  | Percent  |
|--------------+----------+----------|
| Block        | 0        | 0        |
| Beehive      | 0        | 0        |
| Loaf         | 0        | 0        |
| Boat         | 0        | 0        |
| Tub          | 0        | 0        |
| Blinker      | 0        | 0        |
| Toad         | 0        | 0        |
| Beacon       | 0        | 0        |
| Glider       | 0        | 0        |
| LW Spaceship | 0        | 0        |
|--------------+----------+----------|
| Total        | 0        |          |
--------------------------------------

Iteration: 26
--------------------------------------
|              |   Count  | Percent  |
|--------------+----------+----------|
| Block        | 0        | 0        |
| Beehive      | 0        | 0        |
| Loaf         | 0        | 0        |
| Boat         | 0        | 0        |
| Tub          | 0        | 0        |
| Blinker      | 0        | 0        |
| Toad         | 0        | 0        |
| Beacon       | 0        | 0        |
| Glider       | 0        | 0        |
| LW Spaceship | 0        | 0        |
|--------------+----------+----------|
| Total        | 0        |          |
--------------------------------------

Iteration: 27
--------------------------------------
|              |   Count  | Percent  |
|--------------+----------+----------|
| Block        | 0        | 0        |
| Beehive      | 0        | 0        |
| Loaf         | 0        | 0        |
| Boat         | 0        | 0        |
| Tub          | 0        | 0        |
| Blinker      | 0        | 0        |
| Toad         | 0        | 0        |
| Beacon       | 0        | 0        |
| Glider       | 0        | 0        |
| LW Spaceship | 0        | 0        |
|--------------+----------+----------|
| Total        | 0        |          |
--------------------------------------

Iteration: 28
--------------------------------------
|              |   Count  | Percent  |
|--------------+----------+----------|
| Block        | 0        | 0        |
| Beehive      | 0        | 0        |
| Loaf         | 0        | 0        |
| Boat         | 0        | 0        |
| Tub          | 0        | 0        |
| Blinker      | 0        | 0        |
| Toad         | 0        | 0        |
| Beacon       | 0        | 0        |
| Glider       | 0        | 0        |
| LW Spaceship | 0        | 0        |
|--------------+----------+----------|
| Total        | 0        |          |
--------------------------------------

Iteration: 29
--------------------------------------
|              |   Count  | Percent  |
|--------------+----------+----------|
| Block        | 0        | 0        |
| Beehive      | 0        | 0        |
| Loaf         | 0        | 0        |
| Boat         | 0        | 0        |
| Tub          | 0        | 0        |
| Blinker      | 0        | 0        |
| Toad         | 0        | 0        |
| Beacon       | 0        | 0        |
| Glider       | 0        | 0        |
| LW Spaceship | 0        | 0        |
|--------------+----------+----------|
| Total        | 0        |          |
--------------------------------------

Iteration: 30
--------------------------------------
|              |   Count  | Percent  |
|--------------+----------+----------|
| Block        | 0        | 0        |
| Beehive      | 0        | 0        |
| Loaf         | 0        | 0        |
| Boat         | 0        | 0        |
| Tub          | 0        | 0        |
| Blinker      | 0        | 0        |
| Toad         | 0        | 0        |
| Beacon       | 0        | 0        |
| Glider       | 0        | 0        |
| LW Spaceship | 0        | 0        |
|--------------+----------+----------|
| Total        | 0        |          |
--------------------------------------

Iteration: 31
--------------------------------------
|              |   Count  | Percent  |
|--------------+----------+----------|
| Block        | 0        | 0        |
| Beehive      | 0        | 0        |
| Loaf         | 0        | 0        |
| Boat         | 0        | 0        |
| Tub          | 0        | 0        |
| Blinker      | 0        | 0        |
| Toad         | 0        | 0        |
| Beacon       | 0        | 0        |
| Glider       | 0        | 0        |
| LW Spaceship | 0        | 0        |
|--------------+----------+----------|
| Total        | 0        |          |
--------------------------------------

Iteration: 32
--------------------------------------
|              |   Count  | Percent  |
|--------------+----------+----------|
| Block        | 0        | 0        |
| Beehive      | 0        | 0        |
| Loaf         | 0        | 0        |
| Boat         | 0        | 0        |
| Tub          | 0        | 0        |
| Blinker      | 0        | 0        |
| Toad         | 0        | 0        |
| Beacon       | 0        | 0        |
| Glider       | 0        | 0        |
| LW Spaceship | 0        | 0        |
|--------------+----------+----------|
| Total        | 0        |          |
--------------------------------------

Iteration: 33
--------------------------------------
|              |   Count  | Percent  |
|--------------+----------+----------|
| Block        | 0        | 0        |
| Beehive      | 0        | 0        |
| Loaf         | 0        | 0        |
| Boat         | 0        | 0        |
| Tub          | 0        | 0        |
| Blinker      | 0        | 0        |
| Toad         | 0        | 0        |
| Beacon       | 0        | 0        |
| Glider       | 0        | 0        |
| LW Spaceship | 0        | 0        |
|--------------+----------+----------|
| Total        | 0        |          |
--------------------------------------

Iteration: 34
--------------------------------------
|              |   Count  | Percent  |
|--------------+----------+----------|
| Block        | 0        | 0        |
| Beehive      | 0        | 0        |
| Loaf         | 0        | 0        |
| Boat         | 0        | 0        |
| Tub          | 0        | 0        |
| Blinker      | 0        | 0        |
| Toad         | 0        | 0        |
| Beacon       | 0        | 0        |
| Glider       | 0        | 0        |
| LW Spaceship | 0        | 0        |
|--------------+----------+----------|
| Total        | 0        |          |
--------------------------------------

Iteration: 35
--------------------------------------
|              |   Count  | Percent  |
|--------------+----------+----------|
| Block        | 0        | 0        |
| Beehive      | 0        | 0        |
| Loaf         | 0        | 0        |
| Boat         | 0        | 0        |
| Tub          | 0        | 0        |
| Blinker      | 0        | 0        |
| Toad         | 0        | 0        |
| Beacon       | 0        | 0        |
| Glider       | 0        | 0        |
| LW Spaceship | 0        | 0        |
|--------------+----------+----------|
| Total        | 0        |          |
--------------------------------------

Iteration: 36
--------------------------------------
|              |   Count  | Percent  |
|--------------+----------+----------|
| Block        | 0        | 0        |
| Beehive      | 0        | 0        |
| Loaf         | 0        | 0        |
| Boat         | 0        | 0        |
| Tub          | 0        | 0        |
| Blinker      | 0        | 0        |
| Toad         | 0        | 0        |
| Beacon       | 0        | 0        |
| Glider       | 0        | 0        |
| LW Spaceship | 0        | 0        |
|--------------+----------+----------|
| Total        | 0        |          |
--------------------------------------

Iteration: 37
--------------------------------------
|              |   Count  | Percent  |
|--------------+----------+----------|
| Block        | 0        | 0        |
| Beehive      | 0        | 0        |
| Loaf         | 0        | 0        |
| Boat         | 0        | 0        |
| Tub          | 0        | 0        |
| Blinker      | 0        | 0        |
| Toad         | 0        | 0        |
| Beacon       | 0        | 0        |
| Glider       | 0        | 0        |
| LW Spaceship | 0        | 0        |
|--------------+----------+----------|
| Total        | 0        |          |
--------------------------------------

Iteration: 38
--------------------------------------
|              |   Count  | Percent  |
|--------------+----------+----------|
| Block        | 0        | 0        |
| Beehive      | 0        | 0        |
| Loaf         | 0        | 0        |
| Boat         | 0        | 0        |
| Tub          | 0        | 0        |
| Blinker      | 0        | 0        |
| Toad         | 0        | 0        |
| Beacon       | 0        | 0        |
| Glider       | 0        | 0        |
| LW Spaceship | 0        | 0        |
|--------------+----------+----------|
| Total        | 0        |          |
--------------------------------------

Iteration: 39
--------------------------------------
|              |   Count  | Percent  |
|--------------+----------+----------|
| Block        | 0        | 0        |
| Beehive      | 0        | 0        |
| Loaf         | 0        | 0        |
| Boat         | 0        | 0        |
| Tub          | 0        | 0        |
| Blinker      | 0        | 0        |
| Toad         | 0        | 0        |
| Beacon       | 0        | 0        |
| Glider       | 0        | 0        |
| LW Spaceship | 0        | 0        |
|--------------+----------+----------|
| Total        | 0        |          |
--------------------------------------

Iteration: 40
--------------------------------------
|              |   Count  | Percent  |
|--------------+----------+----------|
| Block        | 0        | 0        |
| Beehive      | 0        | 0        |
| Loaf         | 0        | 0        |
| Boat         | 0        | 0        |
| Tub          | 0        | 0        |
| Blinker      | 0        | 0        |
| Toad         | 0        | 0        |
| Beacon       | 0        | 0        |
| Glider       | 0        | 0        |
| LW Spaceship | 0        | 0        |
|--------------+----------+----------|
| Total        | 0        |          |
--------------------------------------

Iteration: 41
--------------------------------------
|              |   Count  | Percent  |
|--------------+----------+----------|
| Block        | 0        | 0        |
| Beehive      | 0        | 0        |
| Loaf         | 0        | 0        |
| Boat         | 0        | 0        |
| Tub          | 0        | 0        |
| Blinker      | 0        | 0        |
| Toad         | 0        | 0        |
| Beacon       | 0        | 0        |
| Glider       | 0        | 0        |
| LW Spaceship | 0        | 0        |
|--------------+----------+----------|
| Total        | 0        |          |
--------------------------------------

Iteration: 42
--------------------------------------
|              |   Count  | Percent  |
|--------------+----------+----------|
| Block        | 0        | 0        |
| Beehive      | 0        | 0        |
| Loaf         | 0        | 0        |
| Boat         | 0        | 0        |
| Tub          | 0        | 0        |
| Blinker      | 0        | 0        |
| Toad         | 0        | 0        |
| Beacon       | 0        | 0        |
| Glider       | 0        | 0        |
| LW Spaceship | 0        | 0        |
|--------------+----------+----------|
| Total        | 0        |          |
--------------------------------------

Iteration: 43
--------------------------------------
|              |   Count  | Percent  |
|--------------+----------+----------|
| Block        | 0        | 0        |
| Beehive      | 0        | 0        |
| Loaf         | 0        | 0        |
| Boat         | 0        | 0        |
| Tub          | 0        | 0        |
| Blinker      | 0        | 0        |
| Toad         | 0        | 0        |
| Beacon       | 0        | 0        |
| Glider       | 0        | 0        |
| LW Spaceship | 0        | 0        |
|--------------+----------+----------|
| Total        | 0        |          |
--------------------------------------

Iteration: 44
--------------------------------------
|              |   Count  | Percent  |
|--------------+----------+----------|
| Block        | 0        | 0        |
| Beehive      | 0        | 0        |
| Loaf         | 0        | 0        |
| Boat         | 0        | 0        |
| Tub          | 0        | 0        |
| Blinker      | 0        | 0        |
| Toad         | 0        | 0        |
| Beacon       | 0        | 0        |
| Glider       | 0        | 0        |
| LW Spaceship | 0        | 0        |
|--------------+----------+----------|
| Total        | 0        |          |
--------------------------------------

Iteration: 45
--------------------------------------
|              |   Count  | Percent  |
|--------------+----------+----------|
| Block        | 0        | 0        |
| Beehive      | 0        | 0        |
| Loaf         | 0        | 0        |
| Boat         | 0        | 0        |
| Tub          | 0        | 0        |
| Blinker      | 0        | 0        |
| Toad         | 0        | 0        |
| Beacon       | 0        | 0        |
| Glider       | 0        | 0        |
| LW Spaceship | 0        | 0        |
|--------------+----------+----------|
| Total        | 0        |          |
--------------------------------------

Iteration: 46
--------------------------------------
|              |   Count  | Percent  |
|--------------+----------+----------|
| Block        | 0        | 0        |
| Beehive      | 0        | 0        |
| Loaf         | 0        | 0        |
| Boat         | 0        | 0        |
| Tub          | 0        | 0        |
| Blinker      | 0        | 0        |
| Toad         | 0        | 0        |
| Beacon       | 0        | 0        |
| Glider       | 0        | 0        |
| LW Spaceship | 0        | 0        |
|--------------+----------+----------|
| Total        | 0        |          |
--------------------------------------

Iteration: 47
--------------------------------------
|              |   Count  | Percent  |
|--------------+----------+----------|
| Block        | 0        | 0        |
| Beehive      | 0        | 0        |
| Loaf         | 0        | 0        |
| Boat         | 0        | 0        |
| Tub          | 0        | 0        |
| Blinker      | 0        | 0        |
| Toad         | 0        | 0        |
| Beacon       | 0        | 0        |
| Glider       | 0        | 0        |
| LW Spaceship | 0        | 0        |
|--------------+----------+----------|
| Total        | 0        |          |
--------------------------------------

Iteration: 48
--------------------------------------
|              |   Count  | Percent  |
|--------------+----------+----------|
| Block        | 0        | 0        |
| Beehive      | 0        | 0        |
| Loaf         | 0        | 0        |
| Boat         | 0        | 0        |
| Tub          | 0        | 0        |
| Blinker      | 0        | 0        |
| Toad         | 0        | 0        |
| Beacon       | 0        | 0        |
| Glider       | 0        | 0        |
| LW Spaceship | 0        | 0        |
|--------------+----------+----------|
| Total        | 0        |          |
--------------------------------------

Iteration: 49
--------------------------------------
|              |   Count  | Percent  |
|--------------+----------+----------|
| Block        | 0        | 0        |
| Beehive      | 0        | 0        |
| Loaf         | 0        | 0        |
| Boat         | 0        | 0        |
| Tub          | 0        | 0        |
| Blinker      | 0        | 0        |
| Toad         | 0        | 0        |
| Beacon       | 0        | 0        |
| Glider       | 0        | 0        |
| LW Spaceship | 0        | 0        |
|--------------+----------+----------|
| Total        | 0        |          |
--------------------------------------

Iteration: 50
--------------------------------------
|              |   Count  | Percent  |
|--------------+----------+----------|
| Block        | 0        | 0        |
| Beehive      | 0        | 0        |
| Loaf         | 0        | 0        |
| Boat         | 0        | 0        |
| Tub          | 0        | 0        |
| Blinker      | 0        | 0        |
| Toad         | 0        | 0        |
| Beacon       | 0        | 0        |
| Glider       | 0        | 0        |
| LW Spaceship | 0        | 0        |
|--------------+----------+----------|
| Total        | 0        |          |
--------------------------------------

Iteration: 51
--------------------------------------
|              |   Count  | Percent  |
|--------------+----------+----------|
| Block        | 0        | 0        |
| Beehive      | 0        | 0        |
| Loaf         | 0        | 0        |
| Boat         | 0        | 0        |
| Tub          | 0        | 0        |
| Blinker      | 0        | 0        |
| Toad         | 0        | 0        |
| Beacon       | 0        | 0        |
| Glider       | 0        | 0        |
| LW Spaceship | 0        | 0        |
|--------------+----------+----------|
| Total        | 0        |          |
--------------------------------------

Iteration: 52
--------------------------------------
|              |   Count  | Percent  |
|--------------+----------+----------|
| Block        | 0        | 0        |
| Beehive      | 0        | 0        |
| Loaf         | 0        | 0        |
| Boat         | 0        | 0        |
| Tub          | 0        | 0        |
| Blinker      | 0        | 0        |
| Toad         | 0        | 0        |
| Beacon       | 0        | 0        |
| Glider       | 0        | 0        |
| LW Spaceship | 0        | 0        |
|--------------+----------+----------|
| Total        | 0        |          |
--------------------------------------

Iteration: 53
--------------------------------------
|              |   Count  | Percent  |
|--------------+----------+----------|
| Block        | 0        | 0        |
| Beehive      | 0        | 0        |
| Loaf         | 0        | 0        |
| Boat         | 0        | 0        |
| Tub          | 0        | 0        |
| Blinker      | 0        | 0        |
| Toad         | 0        | 0        |
| Beacon       | 0        | 0        |
| Glider       | 0        | 0        |
| LW Spaceship | 0        | 0        |
|--------------+----------+----------|
| Total        | 0        |          |
--------------------------------------

Iteration: 54
--------------------------------------
|              |   Count  | Percent  |
|--------------+----------+----------|
| Block        | 0        | 0        |
| Beehive      | 0        | 0        |
| Loaf         | 0        | 0        |
| Boat         | 0        | 0        |
| Tub          | 0        | 0        |
| Blinker      | 0        | 0        |
| Toad         | 0        | 0        |
| Beacon       | 0        | 0        |
| Glider       | 0        | 0        |
| LW Spaceship | 0        | 0        |
|--------------+----------+----------|
| Total        | 0        |          |
--------------------------------------

Iteration: 55
--------------------------------------
|              |   Count  | Percent  |
|--------------+----------+----------|
| Block        | 0        | 0        |
| Beehive      | 0        | 0        |
| Loaf         | 0        | 0        |
| Boat         | 0        | 0        |
| Tub          | 0        | 0        |
| Blinker      | 0        | 0        |
| Toad         | 0        | 0        |
| Beacon       | 0        | 0        |
| Glider       | 0        | 0        |
| LW Spaceship | 0        | 0        |
|--------------+----------+----------|
| Total        | 0        |          |
--------------------------------------

Iteration: 56
--------------------------------------
|              |   Count  | Percent  |
|--------------+----------+----------|
| Block        | 1        | 100      |
| Beehive      | 0        | 0        |
| Loaf         | 0        | 0        |
| Boat         | 0        | 0        |
| Tub          | 0        | 0        |
| Blinker      | 0        | 0        |
| Toad         | 0        | 0        |
| Beacon       | 0        | 0        |
| Glider       | 0        | 0        |
| LW Spaceship | 0        | 0        |
|--------------+----------+----------|
| Total        | 1        |          |
--------------------------------------

Iteration: 57
--------------------------------------
|              |   Count  | Percent  |
|--------------+----------+----------|
| Block        | 0        | 0        |
| Beehive      | 0        | 0        |
| Loaf         | 0        | 0        |
| Boat         | 0        | 0        |
| Tub          | 0        | 0        |
| Blinker      | 0        | 0        |
| Toad         | 0        | 0        |
| Beacon       | 0        | 0        |
| Glider       | 0        | 0        |
| LW Spaceship | 0        | 0        |
|--------------+----------+----------|
| Total        | 0        |          |
--------------------------------------

Iteration: 58
--------------------------------------
|              |   Count  | Percent  |
|--------------+----------+----------|
| Block        | 0        | 0        |
| Beehive      | 0        | 0        |
| Loaf         | 0        | 0        |
| Boat         | 0        | 0        |
| Tub          | 0        | 0        |
| Blinker      | 0        | 0        |
| Toad         | 0        | 0        |
| Beacon       | 0        | 0        |
| Glider       | 0        | 0        |
| LW Spaceship | 0        | 0        |
|--------------+----------+----------|
| Total        | 0        |          |
--------------------------------------

Iteration: 59
--------------------------------------
|              |   Count  | Percent  |
|--------------+----------+----------|
| Block        | 0        | 0        |
| Beehive      | 0        | 0        |
| Loaf         | 0        | 0        |
| Boat         | 0        | 0        |
| Tub          | 0        | 0        |
| Blinker      | 0        | 0        |
| Toad         | 0        | 0        |
| Beacon       | 0        | 0        |
| Glider       | 0        | 0        |
| LW Spaceship | 0        | 0        |
|--------------+----------+----------|
| Total        | 0        |          |
--------------------------------------

Iteration: 60
--------------------------------------
|              |   Count  | Percent  |
|--------------+----------+----------|
| Block        | 0        | 0        |
| Beehive      | 0        | 0        |
| Loaf         | 0        | 0        |
| Boat         | 0        | 0        |
| Tub          | 0        | 0        |
| Blinker      | 0        | 0        |
| Toad         | 0        | 0        |
| Beacon       | 0        | 0        |
| Glider       | 0        | 0        |
| LW Spaceship | 0        | 0        |
|--------------+----------+----------|
| Total        | 0        |          |
--------------------------------------

Iteration: 61
--------------------------------------
|              |   Count  | Percent  |
|--------------+----------+----------|
| Block        | 0        | 0        |
| Beehive      | 0        | 0        |
| Loaf         | 0        | 0        |
| Boat         | 0        | 0        |
| Tub          | 0        | 0        |
| Blinker      | 0        | 0        |
| Toad         | 0        | 0        |
| Beacon       | 0        | 0        |
| Glider       | 0        | 0        |
| LW Spaceship | 0        | 0        |
|--------------+----------+----------|
| Total        | 0        |          |
--------------------------------------

Iteration: 62
--------------------------------------
|              |   Count  | Percent  |
|--------------+----------+----------|
| Block        | 0        | 0        |
| Beehive      | 0        | 0        |
| Loaf         | 0        | 0        |
| Boat         | 0        | 0        |
| Tub          | 0        | 0        |
| Blinker      | 0        | 0        |
| Toad         | 0        | 0        |
| Beacon       | 0        | 0        |
| Glider       | 0        | 0        |
| LW Spaceship | 0        | 0        |
|--------------+----------+----------|
| Total        | 0        |          |
--------------------------------------

Iteration: 63
--------------------------------------
|              |   Count  | Percent  |
|--------------+----------+----------|
| Block        | 0        | 0        |
| Beehive      | 0        | 0        |
| Loaf         | 0        | 0        |
| Boat         | 0        | 0        |
| Tub          | 0        | 0        |
| Blinker      | 0        | 0        |
| Toad         | 0        | 0        |
| Beacon       | 0        | 0        |
| Glider       | 0        | 0        |
| LW Spaceship | 0        | 0        |
|--------------+----------+----------|
| Total        | 0        |          |
--------------------------------------

Iteration: 64
--------------------------------------
|              |   Count  | Percent  |
|--------------+----------+----------|
| Block        | 0        | 0        |
| Beehive      | 0        | 0        |
| Loaf         | 0        | 0        |
| Boat         | 0        | 0        |
| Tub          | 0        | 0        |
| Blinker      | 0        | 0        |
| Toad         | 0        | 0        |
| Beacon       | 0        | 0        |
| Glider       | 0        | 0        |
| LW Spaceship | 0        | 0        |
|--------------+----------+----------|
| Total        | 0        |          |
--------------------------------------

Iteration: 65
--------------------------------------
|              |   Count  | Percent  |
|--------------+----------+----------|
| Block        | 0        | 0        |
| Beehive      | 0        | 0        |
| Loaf         | 0        | 0        |
| Boat         | 0        | 0        |
| Tub          | 0        | 0        |
| Blinker      | 0        | 0        |
| Toad         | 0        | 0        |
| Beacon       | 0        | 0        |
| Glider       | 0        | 0        |
| LW Spaceship | 0        | 0        |
|--------------+----------+----------|
| Total        | 0        |          |
--------------------------------------

Iteration: 66
--------------------------------------
|              |   Count  | Percent  |
|--------------+----------+----------|
| Block        | 0        | 0        |
| Beehive      | 0        | 0        |
| Loaf         | 0        | 0        |
| Boat         | 0        | 0        |
| Tub          | 0        | 0        |
| Blinker      | 0        | 0        |
| Toad         | 0        | 0        |
| Beacon       | 0        | 0        |
| Glider       | 0        | 0        |
| LW Spaceship | 0        | 0        |
|--------------+----------+----------|
| Total        | 0        |          |
--------------------------------------

Iteration: 67
--------------------------------------
|              |   Count  | Percent  |
|--------------+----------+----------|
| Block        | 0        | 0        |
| Beehive      | 0        | 0        |
| Loaf         | 0        | 0        |
| Boat         | 0        | 0        |
| Tub          | 0        | 0        |
| Blinker      | 0        | 0        |
| Toad         | 0        | 0        |
| Beacon       | 0        | 0        |
| Glider       | 0        | 0        |
| LW Spaceship | 0        | 0        |
|--------------+----------+----------|
| Total        | 0        |          |
--------------------------------------

Iteration: 68
--------------------------------------
|              |   Count  | Percent  |
|--------------+----------+----------|
| Block        | 0        | 0        |
| Beehive      | 0        | 0        |
| Loaf         | 0        | 0        |
| Boat         | 0        | 0        |
| Tub          | 0        | 0        |
| Blinker      | 0        | 0        |
| Toad         | 0        | 0        |
| Beacon       | 0        | 0        |
| Glider       | 0        | 0        |
| LW Spaceship | 0        | 0        |
|--------------+----------+----------|
| Total        | 0        |          |
--------------------------------------

Iteration: 69
--------------------------------------
|              |   Count  | Percent  |
|--------------+----------+----------|
| Block        | 0        | 0        |
| Beehive      | 0        | 0        |
| Loaf         | 0        | 0        |
| Boat         | 0        | 0        |
| Tub          | 0        | 0        |
| Blinker      | 0        | 0        |
| Toad         | 0        | 0        |
| Beacon       | 0        | 0        |
| Glider       | 0        | 0        |
| LW Spaceship | 0        | 0        |
|--------------+----------+----------|
| Total        | 0        |          |
--------------------------------------

Iteration: 70
--------------------------------------
|              |   Count  | Percent  |
|--------------+----------+----------|
| Block        | 0        | 0        |
| Beehive      | 0        | 0        |
| Loaf         | 0        | 0        |
| Boat         | 0        | 0        |
| Tub          | 0        | 0        |
| Blinker      | 0        | 0        |
| Toad         | 0        | 0        |
| Beacon       | 0        | 0        |
| Glider       | 0        | 0        |
| LW Spaceship | 0        | 0        |
|--------------+----------+----------|
| Total        | 0        |          |
--------------------------------------

Iteration: 71
--------------------------------------
|              |   Count  | Percent  |
|--------------+----------+----------|
| Block        | 0        | 0        |
| Beehive      | 0        | 0        |
| Loaf         | 0        | 0        |
| Boat         | 0        | 0        |
| Tub          | 0        | 0        |
| Blinker      | 0        | 0        |
| Toad         | 0        | 0        |
| Beacon       | 0        | 0        |
| Glider       | 0        | 0        |
| LW Spaceship | 0        | 0        |
|--------------+----------+----------|
| Total        | 0        |          |
--------------------------------------

Iteration: 72
--------------------------------------
|              |   Count  | Percent  |
|--------------+----------+----------|
| Block        | 0        | 0        |
| Beehive      | 0        | 0        |
| Loaf         | 0        | 0        |
| Boat         | 0        | 0        |
| Tub          | 0        | 0        |
| Blinker      | 0        | 0        |
| Toad         | 0        | 0        |
| Beacon       | 0        | 0        |
| Glider       | 0        | 0        |
| LW Spaceship | 0        | 0        |
|--------------+----------+----------|
| Total        | 0        |          |
--------------------------------------

Iteration: 73
--------------------------------------
|              |   Count  | Percent  |
|--------------+----------+----------|
| Block        | 0        | 0        |
| Beehive      | 0        | 0        |
| Loaf         | 0        | 0        |
| Boat         | 0        | 0        |
| Tub          | 0        | 0        |
| Blinker      | 0        | 0        |
| Toad         | 0        | 0        |
| Beacon       | 0        | 0        |
| Glider       | 0        | 0        |
| LW Spaceship | 0        | 0        |
|--------------+----------+----------|
| Total        | 0        |          |
--------------------------------------

Iteration: 74
--------------------------------------
|              |   Count  | Percent  |
|--------------+----------+----------|
| Block        | 0        | 0        |
| Beehive      | 0        | 0        |
| Loaf         | 0        | 0        |
| Boat         | 0        | 0        |
| Tub          | 0        | 0        |
| Blinker      | 0        | 0        |
| Toad         | 0        | 0        |
| Beacon       | 0        | 0        |
| Glider       | 0        | 0        |
| LW Spaceship | 0        | 0        |
|--------------+----------+----------|
| Total        | 0        |          |
--------------------------------------

Iteration: 75
--------------------------------------
|              |   Count  | Percent  |
|--------------+----------+----------|
| Block        | 0        | 0        |
| Beehive      | 0        | 0        |
| Loaf         | 0        | 0        |
| Boat         | 0        | 0        |
| Tub          | 0        | 0        |
| Blinker      | 0        | 0        |
| Toad         | 0        | 0        |
| Beacon       | 0        | 0        |
| Glider       | 0        | 0        |
| LW Spaceship | 0        | 0        |
|--------------+----------+----------|
| Total        | 0        |          |
--------------------------------------

Iteration: 76
--------------------------------------
|              |   Count  | Percent  |
|--------------+----------+----------|
| Block        | 0        | 0        |
| Beehive      | 0        | 0        |
| Loaf         | 0        | 0        |
| Boat         | 0        | 0        |
| Tub          | 0        | 0        |
| Blinker      | 0        | 0        |
| Toad         | 0        | 0        |
| Beacon       | 0        | 0        |
| Glider       | 0        | 0        |
| LW Spaceship | 0        | 0        |
|--------------+----------+----------|
| Total        | 0        |          |
--------------------------------------

Iteration: 77
--------------------------------------
|              |   Count  | Percent  |
|--------------+----------+----------|
| Block        | 0        | 0        |
| Beehive      | 0        | 0        |
| Loaf         | 0        | 0        |
| Boat         | 0        | 0        |
| Tub          | 0        | 0        |
| Blinker      | 0        | 0        |
| Toad         | 0        | 0        |
| Beacon       | 0        | 0        |
| Glider       | 0        | 0        |
| LW Spaceship | 0        | 0        |
|--------------+----------+----------|
| Total        | 0        |          |
--------------------------------------

Iteration: 78
--------------------------------------
|              |   Count  | Percent  |
|--------------+----------+----------|
| Block        | 0        | 0        |
| Beehive      | 0        | 0        |
| Loaf         | 0        | 0        |
| Boat         | 0        | 0        |
| Tub          | 0        | 0        |
| Blinker      | 0        | 0        |
| Toad         | 0        | 0        |
| Beacon       | 0        | 0        |
| Glider       | 0        | 0        |
| LW Spaceship | 0        | 0        |
|--------------+----------+----------|
| Total        | 0        |          |
--------------------------------------

Iteration: 79
--------------------------------------
|              |   Count  | Percent  |
|--------------+----------+----------|
| Block        | 0        | 0        |
| Beehive      | 0        | 0        |
| Loaf         | 0        | 0        |
| Boat         | 0        | 0        |
| Tub          | 0        | 0        |
| Blinker      | 1        | 100      |
| Toad         | 0        | 0        |
| Beacon       | 0        | 0        |
| Glider       | 0        | 0        |
| LW Spaceship | 0        | 0        |
|--------------+----------+----------|
| Total        | 1        |          |
--------------------------------------

Iteration: 80
--------------------------------------
|              |   Count  | Percent  |
|--------------+----------+----------|
| Block        | 0        | 0        |
| Beehive      | 0        | 0        |
| Loaf         | 0        | 0        |
| Boat         | 0        | 0        |
| Tub          | 0        | 0        |
| Blinker      | 1        | 100      |
| Toad         | 0        | 0        |
| Beacon       | 0        | 0        |
| Glider       | 0        | 0        |
| LW Spaceship | 0        | 0        |
|--------------+----------+----------|
| Total        | 1        |          |
--------------------------------------

Iteration: 81
--------------------------------------
|              |   Count  | Percent  |
|--------------+----------+----------|
| Block        | 0        | 0        |
| Beehive      | 0        | 0        |
| Loaf         | 0        | 0        |
| Boat         | 0        | 0        |
| Tub          | 0        | 0        |
| Blinker      | 0        | 0        |
| Toad         | 0        | 0        |
| Beacon       | 0        | 0        |
| Glider       | 0        | 0        |
| LW Spaceship | 0        | 0        |
|--------------+----------+----------|
| Total        | 0        |          |
--------------------------------------

Iteration: 82
--------------------------------------
|              |   Count  | Percent  |
|--------------+----------+----------|
| Block        | 0        | 0        |
| Beehive      | 0        | 0        |
| Loaf         | 0        | 0        |
| Boat         | 0        | 0        |
| Tub          | 0        | 0        |
| Blinker      | 0        | 0        |
| Toad         | 0        | 0        |
| Beacon       | 0        | 0        |
| Glider       | 0        | 0        |
| LW Spaceship | 0        | 0        |
|--------------+----------+----------|
| Total        | 0        |          |
--------------------------------------

Iteration: 83
--------------------------------------
|              |   Count  | Percent  |
|--------------+----------+----------|
| Block        | 0        | 0        |
| Beehive      | 0        | 0        |
| Loaf         | 0        | 0        |
| Boat         | 0        | 0        |
| Tub          | 0        | 0        |
| Blinker      | 0        | 0        |
| Toad         | 0        | 0        |
| Beacon       | 0        | 0        |
| Glider       | 0        | 0        |
| LW Spaceship | 0        | 0        |
|--------------+----------+----------|
| Total        | 0        |          |
--------------------------------------

Iteration: 84
--------------------------------------
|              |   Count  | Percent  |
|--------------+----------+----------|
| Block        | 0        | 0        |
| Beehive      | 0        | 0        |
| Loaf         | 0        | 0        |
| Boat         | 0        | 0        |
| Tub          | 0        | 0        |
| Blinker      | 0        | 0        |
| Toad         | 0        | 0        |
| Beacon       | 0        | 0        |
| Glider       | 0        | 0        |
| LW Spaceship | 0        | 0        |
|--------------+----------+----------|
| Total        | 0        |          |
--------------------------------------

Iteration: 85
--------------------------------------
|              |   Count  | Percent  |
|--------------+----------+----------|
| Block        | 0        | 0        |
| Beehive      | 0        | 0        |
| Loaf         | 0        | 0        |
| Boat         | 0        | 0        |
| Tub          | 0        | 0        |
| Blinker      | 0        | 0        |
| Toad         | 0        | 0        |
| Beacon       | 0        | 0        |
| Glider       | 0        | 0        |
| LW Spaceship | 0        | 0        |
|--------------+----------+----------|
| Total        | 0        |          |
--------------------------------------

Iteration: 86
--------------------------------------
|              |   Count  | Percent  |
|--------------+----------+----------|
| Block        | 0        | 0        |
| Beehive      | 0        | 0        |
| Loaf         | 0        | 0        |
| Boat         | 0        | 0        |
| Tub          | 0        | 0        |
| Blinker      | 0        | 0        |
| Toad         | 0        | 0        |
| Beacon       | 0        | 0        |
| Glider       | 0        | 0        |
| LW Spaceship | 0        | 0        |
|--------------+----------+----------|
| Total        | 0        |          |
--------------------------------------

Iteration: 87
--------------------------------------
|              |   Count  | Percent  |
|--------------+----------+----------|
| Block        | 0        | 0        |
| Beehive      | 0        | 0        |
| Loaf         | 0        | 0        |
| Boat         | 0        | 0        |
| Tub          | 0        | 0        |
| Blinker      | 0        | 0        |
| Toad         | 0        | 0        |
| Beacon       | 0        | 0        |
| Glider       | 0        | 0        |
| LW Spaceship | 0        | 0        |
|--------------+----------+----------|
| Total        | 0        |          |
--------------------------------------

Iteration: 88
--------------------------------------
|              |   Count  | Percent  |
|--------------+----------+----------|
| Block        | 0        | 0        |
| Beehive      | 0        | 0        |
| Loaf         | 0        | 0        |
| Boat         | 0        | 0        |
| Tub          | 0        | 0        |
| Blinker      | 0        | 0        |
| Toad         | 0        | 0        |
| Beacon       | 0        | 0        |
| Glider       | 0        | 0        |
| LW Spaceship | 0        | 0        |
|--------------+----------+----------|
| Total        | 0        |          |
--------------------------------------

Iteration: 89
--------------------------------------
|              |   Count  | Percent  |
|--------------+----------+----------|
| Block        | 0        | 0        |
| Beehive      | 0        | 0        |
| Loaf         | 0        | 0        |
| Boat         | 0        | 0        |
| Tub          | 0        | 0        |
| Blinker      | 0        | 0        |
| Toad         | 0        | 0        |
| Beacon       | 0        | 0        |
| Glider       | 0        | 0        |
| LW Spaceship | 0        | 0        |
|--------------+----------+----------|
| Total        | 0        |          |
--------------------------------------

Iteration: 90
--------------------------------------
|              |   Count  | Percent  |
|--------------+----------+----------|
| Block        | 0        | 0        |
| Beehive      | 0        | 0        |
| Loaf         | 0        | 0        |
| Boat         | 0        | 0        |
| Tub          | 0        | 0        |
| Blinker      | 0        | 0        |
| Toad         | 0        | 0        |
| Beacon       | 0        | 0        |
| Glider       | 0        | 0        |
| LW Spaceship | 0        | 0        |
|--------------+----------+----------|
| Total        | 0        |          |
--------------------------------------

Iteration: 91
--------------------------------------
|              |   Count  | Percent  |
|--------------+----------+----------|
| Block        | 0        | 0        |
| Beehive      | 0        | 0        |
| Loaf         | 0        | 0        |
| Boat         | 0        | 0        |
| Tub          | 0        | 0        |
| Blinker      | 0        | 0        |
| Toad         | 0        | 0        |
| Beacon       | 0        | 0        |
| Glider       | 0        | 0        |
| LW Spaceship | 0        | 0        |
|--------------+----------+----------|
| Total        | 0        |          |
--------------------------------------

Iteration: 92
--------------------------------------
|              |   Count  | Percent  |
|--------------+----------+----------|
| Block        | 0        | 0        |
| Beehive      | 0        | 0        |
| Loaf         | 0        | 0        |
| Boat         | 0        | 0        |
| Tub          | 0        | 0        |
| Blinker      | 0        | 0        |
| Toad         | 0        | 0        |
| Beacon       | 0        | 0        |
| Glider       | 0        | 0        |
| LW Spaceship | 0        | 0        |
|--------------+----------+----------|
| Total        | 0        |          |
--------------------------------------

Iteration: 93
--------------------------------------
|              |   Count  | Percent  |
|--------------+----------+----------|
| Block        | 0        | 0        |
| Beehive      | 0        | 0        |
| Loaf         | 0        | 0        |
| Boat         | 0        | 0        |
| Tub          | 0        | 0        |
| Blinker      | 0        | 0        |
| Toad         | 0        | 0        |
| Beacon       | 0        | 0        |
| Glider       | 0        | 0        |
| LW Spaceship | 0        | 0        |
|--------------+----------+----------|
| Total        | 0        |          |
--------------------------------------

Iteration: 94
--------------------------------------
|              |   Count  | Percent  |
|--------------+----------+----------|
| Block        | 0        | 0        |
| Beehive      | 0        | 0        |
| Loaf         | 0        | 0        |
| Boat         | 0        | 0        |
| Tub          | 0        | 0        |
| Blinker      | 0        | 0        |
| Toad         | 0        | 0        |
| Beacon       | 0        | 0        |
| Glider       | 0        | 0        |
| LW Spaceship | 0        | 0        |
|--------------+----------+----------|
| Total        | 0        |          |
--------------------------------------

Iteration: 95
--------------------------------------
|              |   Count  | Percent  |
|--------------+----------+----------|
| Block        | 0        | 0        |
| Beehive      | 0        | 0        |
| Loaf         | 0        | 0        |
| Boat         | 0        | 0        |
| Tub          | 0        | 0        |
| Blinker      | 0        | 0        |
| Toad         | 0        | 0        |
| Beacon       | 0        | 0        |
| Glider       | 0        | 0        |
| LW Spaceship | 0        | 0        |
|--------------+----------+----------|
| Total        | 0        |          |
--------------------------------------

Iteration: 96
--------------------------------------
|              |   Count  | Percent  |
|--------------+----------+----------|
| Block        | 1        | 100      |
| Beehive      | 0        | 0        |
| Loaf         | 0        | 0        |
| Boat         | 0        | 0        |
| Tub          | 0        | 0        |
| Blinker      | 0        | 0        |
| Toad         | 0        | 0        |
| Beacon       | 0        | 0        |
| Glider       | 0        | 0        |
| LW Spaceship | 0        | 0        |
|--------------+----------+----------|
| Total        | 1        |          |
--------------------------------------

Iteration: 97
--------------------------------------
|              |   Count  | Percent  |
|--------------+----------+----------|
| Block        | 1        | 100      |
| Beehive      | 0        | 0        |
| Loaf         | 0        | 0        |
| Boat         | 0        | 0        |
| Tub          | 0        | 0        |
| Blinker      | 0        | 0        |
| Toad         | 0        | 0        |
| Beacon       | 0        | 0        |
| Glider       | 0        | 0        |
| LW Spaceship | 0        | 0        |
|--------------+----------+----------|
| Total        | 1        |          |
--------------------------------------

Iteration: 98
--------------------------------------
|              |   Count  | Percent  |
|--------------+----------+----------|
| Block        | 0        | 0        |
| Beehive      | 1        | 100      |
| Loaf         | 0        | 0        |
| Boat         | 0        | 0        |
| Tub          | 0        | 0        |
| Blinker      | 0        | 0        |
| Toad         | 0        | 0        |
| Beacon       | 0        | 0        |
| Glider       | 0        | 0        |
| LW Spaceship | 0        | 0        |
|--------------+----------+----------|
| Total        | 1        |          |
--------------------------------------

Iteration: 99
--------------------------------------
|              |   Count  | Percent  |
|--------------+----------+----------|
| Block        | 0        | 0        |
| Beehive      | 1        | 100      |
| Loaf         | 0        | 0        |
| Boat         | 0        | 0        |
| Tub          | 0        | 0        |
| Blinker      | 0        | 0        |
| Toad         | 0        | 0        |
| Beacon       | 0        | 0        |
| Glider       | 0        | 0        |
| LW Spaceship | 0        | 0        |
|--------------+----------+----------|
| Total        | 1        |          |
--------------------------------------

Iteration: 100
--------------------------------------
|              |   Count  | Percent  |
|--------------+----------+----------|
| Block        | 0        | 0        |
| Beehive      | 1        | 100      |
| Loaf         | 0        | 0        |
| Boat         | 0        | 0        |
| Tub          | 0        | 0        |
| Blinker      | 0        | 0        |
| Toad         | 0        | 0        |
| Beacon       | 0        | 0        |
| Glider       | 0        | 0        |
| LW Spaceship | 0        | 0        |
|--------------+----------+----------|
| Total        | 1        |          |
--------------------------------------

Iteration: 101
--------------------------------------
|              |   Count  | Percent  |
|--------------+----------+----------|
| Block        | 1        | 50       |
| Beehive      | 1        | 50       |
| Loaf         | 0        | 0        |
| Boat         | 0        | 0        |
| Tub          | 0        | 0        |
| Blinker      | 0        | 0        |
| Toad         | 0        | 0        |
| Beacon       | 0        | 0        |
| Glider       | 0        | 0        |
| LW Spaceship | 0        | 0        |
|--------------+----------+----------|
| Total        | 2        |          |
--------------------------------------

Iteration: 102
--------------------------------------
|              |   Count  | Percent  |
|--------------+----------+----------|
| Block        | 0        | 0        |
| Beehive      | 1        | 100      |
| Loaf         | 0        | 0        |
| Boat         | 0        | 0        |
| Tub          | 0        | 0        |
| Blinker      | 0        | 0        |
| Toad         | 0        | 0        |
| Beacon       | 0        | 0        |
| Glider       | 0        | 0        |
| LW Spaceship | 0        | 0        |
|--------------+----------+----------|
| Total        | 1        |          |
--------------------------------------

Iteration: 103
--------------------------------------
|              |   Count  | Percent  |
|--------------+----------+----------|
| Block        | 0        | 0        |
| Beehive      | 1        | 100      |
| Loaf         | 0        | 0        |
| Boat         | 0        | 0        |
| Tub          | 0        | 0        |
| Blinker      | 0        | 0        |
| Toad         | 0        | 0        |
| Beacon       | 0        | 0        |
| Glider       | 0        | 0        |
| LW Spaceship | 0        | 0        |
|--------------+----------+----------|
| Total        | 1        |          |
--------------------------------------

Iteration: 104
--------------------------------------
|              |   Count  | Percent  |
|--------------+----------+----------|
| Block        | 0        | 0        |
| Beehive      | 1        | 100      |
| Loaf         | 0        | 0        |
| Boat         | 0        | 0        |
| Tub          | 0        | 0        |
| Blinker      | 0        | 0        |
| Toad         | 0        | 0        |
| Beacon       | 0        | 0        |
| Glider       | 0        | 0        |
| LW Spaceship | 0        | 0        |
|--------------+----------+----------|
| Total        | 1        |          |
--------------------------------------

Iteration: 105
--------------------------------------
|              |   Count  | Percent  |
|--------------+----------+----------|
| Block        | 0        | 0        |
| Beehive      | 1        | 100      |
| Loaf         | 0        | 0        |
| Boat         | 0        | 0        |
| Tub          | 0        | 0        |
| Blinker      | 0        | 0        |
| Toad         | 0        | 0        |
| Beacon       | 0        | 0        |
| Glider       | 0        | 0        |
| LW Spaceship | 0        | 0        |
|--------------+----------+----------|
| Total        | 1        |          |
--------------------------------------

Iteration: 106
--------------------------------------
|              |   Count  | Percent  |
|--------------+----------+----------|
| Block        | 0        | 0        |
| Beehive      | 1        | 100      |
| Loaf         | 0        | 0        |
| Boat         | 0        | 0        |
| Tub          | 0        | 0        |
| Blinker      | 0        | 0        |
| Toad         | 0        | 0        |
| Beacon       | 0        | 0        |
| Glider       | 0        | 0        |
| LW Spaceship | 0        | 0        |
|--------------+----------+----------|
| Total        | 1        |          |
--------------------------------------

Iteration: 107
--------------------------------------
|              |   Count  | Percent  |
|--------------+----------+----------|
| Block        | 1        | 50       |
| Beehive      | 1        | 50       |
| Loaf         | 0        | 0        |
| Boat         | 0        | 0        |
| Tub          | 0        | 0        |
| Blinker      | 0        | 0        |
| Toad         | 0        | 0        |
| Beacon       | 0        | 0        |
| Glider       | 0        | 0        |
| LW Spaceship | 0        | 0        |
|--------------+----------+----------|
| Total        | 2        |          |
--------------------------------------

Iteration: 108
--------------------------------------
|              |   Count  | Percent  |
|--------------+----------+----------|
| Block        | 1        | 50       |
| Beehive      | 1        | 50       |
| Loaf         | 0        | 0        |
| Boat         | 0        | 0        |
| Tub          | 0        | 0        |
| Blinker      | 0        | 0        |
| Toad         | 0        | 0        |
| Beacon       | 0        | 0        |
| Glider       | 0        | 0        |
| LW Spaceship | 0        | 0        |
|--------------+----------+----------|
| Total        | 2        |          |
--------------------------------------

Iteration: 109
--------------------------------------
|              |   Count  | Percent  |
|--------------+----------+----------|
| Block        | 1        | 100      |
| Beehive      | 0        | 0        |
| Loaf         | 0        | 0        |
| Boat         | 0        | 0        |
| Tub          | 0        | 0        |
| Blinker      | 0        | 0        |
| Toad         | 0        | 0        |
| Beacon       | 0        | 0        |
| Glider       | 0        | 0        |
| LW Spaceship | 0        | 0        |
|--------------+----------+----------|
| Total        | 1        |          |
--------------------------------------

Iteration: 110
--------------------------------------
|              |   Count  | Percent  |
|--------------+----------+----------|
| Block        | 1        | 100      |
| Beehive      | 0        | 0        |
| Loaf         | 0        | 0        |
| Boat         | 0        | 0        |
| Tub          | 0        | 0        |
| Blinker      | 0        | 0        |
| Toad         | 0        | 0        |
| Beacon       | 0        | 0        |
| Glider       | 0        | 0        |
| LW Spaceship | 0        | 0        |
|--------------+----------+----------|
| Total        | 1        |          |
--------------------------------------

Iteration: 111
--------------------------------------
|              |   Count  | Percent  |
|--------------+----------+----------|
| Block        | 1        | 100      |
| Beehive      | 0        | 0        |
| Loaf         | 0        | 0        |
| Boat         | 0        | 0        |
| Tub          | 0        | 0        |
| Blinker      | 0        | 0        |
| Toad         | 0        | 0        |
| Beacon       | 0        | 0        |
| Glider       | 0        | 0        |
| LW Spaceship | 0        | 0        |
|--------------+----------+----------|
| Total        | 1        |          |
--------------------------------------

Iteration: 112
--------------------------------------
|              |   Count  | Percent  |
|--------------+----------+----------|
| Block        | 1        | 100      |
| Beehive      | 0        | 0        |
| Loaf         | 0        | 0        |
| Boat         | 0        | 0        |
| Tub          | 0        | 0        |
| Blinker      | 0        | 0        |
| Toad         | 0        | 0        |
| Beacon       | 0        | 0        |
| Glider       | 0        | 0        |
| LW Spaceship | 0        | 0        |
|--------------+----------+----------|
| Total        | 1        |          |
--------------------------------------

Iteration: 113
--------------------------------------
|              |   Count  | Percent  |
|--------------+----------+----------|
| Block        | 1        | 100      |
| Beehive      | 0        | 0        |
| Loaf         | 0        | 0        |
| Boat         | 0        | 0        |
| Tub          | 0        | 0        |
| Blinker      | 0        | 0        |
| Toad         | 0        | 0        |
| Beacon       | 0        | 0        |
| Glider       | 0        | 0        |
| LW Spaceship | 0        | 0        |
|--------------+----------+----------|
| Total        | 1        |          |
--------------------------------------

Iteration: 114
--------------------------------------
|              |   Count  | Percent  |
|--------------+----------+----------|
| Block        | 1        | 50       |
| Beehive      | 1        | 50       |
| Loaf         | 0        | 0        |
| Boat         | 0        | 0        |
| Tub          | 0        | 0        |
| Blinker      | 0        | 0        |
| Toad         | 0        | 0        |
| Beacon       | 0        | 0        |
| Glider       | 0        | 0        |
| LW Spaceship | 0        | 0        |
|--------------+----------+----------|
| Total        | 2        |          |
--------------------------------------

Iteration: 115
--------------------------------------
|              |   Count  | Percent  |
|--------------+----------+----------|
| Block        | 1        | 50       |
| Beehive      | 1        | 50       |
| Loaf         | 0        | 0        |
| Boat         | 0        | 0        |
| Tub          | 0        | 0        |
| Blinker      | 0        | 0        |
| Toad         | 0        | 0        |
| Beacon       | 0        | 0        |
| Glider       | 0        | 0        |
| LW Spaceship | 0        | 0        |
|--------------+----------+----------|
| Total        | 2        |          |
--------------------------------------

Iteration: 116
--------------------------------------
|              |   Count  | Percent  |
|--------------+----------+----------|
| Block        | 1        | 50       |
| Beehive      | 1        | 50       |
| Loaf         | 0        | 0        |
| Boat         | 0        | 0        |
| Tub          | 0        | 0        |
| Blinker      | 0        | 0        |
| Toad         | 0        | 0        |
| Beacon       | 0        | 0        |
| Glider       | 0        | 0        |
| LW Spaceship | 0        | 0        |
|--------------+----------+----------|
| Total        | 2        |          |
--------------------------------------

Iteration: 117
--------------------------------------
|              |   Count  | Percent  |
|--------------+----------+----------|
| Block        | 1        | 50       |
| Beehive      | 1        | 50       |
| Loaf         | 0        | 0        |
| Boat         | 0        | 0        |
| Tub          | 0        | 0        |
| Blinker      | 0        | 0        |
| Toad         | 0        | 0        |
| Beacon       | 0        | 0        |
| Glider       | 0        | 0        |
| LW Spaceship | 0        | 0        |
|--------------+----------+----------|
| Total        | 2        |          |
--------------------------------------

Iteration: 118
--------------------------------------
|              |   Count  | Percent  |
|--------------+----------+----------|
| Block        | 1        | 50       |
| Beehive      | 1        | 50       |
| Loaf         | 0        | 0        |
| Boat         | 0        | 0        |
| Tub          | 0        | 0        |
| Blinker      | 0        | 0        |
| Toad         | 0        | 0        |
| Beacon       | 0        | 0        |
| Glider       | 0        | 0        |
| LW Spaceship | 0        | 0        |
|--------------+----------+----------|
| Total        | 2        |          |
--------------------------------------

Iteration: 119
--------------------------------------
|              |   Count  | Percent  |
|--------------+----------+----------|
| Block        | 1        | 50       |
| Beehive      | 1        | 50       |
| Loaf         | 0        | 0        |
| Boat         | 0        | 0        |
| Tub          | 0        | 0        |
| Blinker      | 0        | 0        |
| Toad         | 0        | 0        |
| Beacon       | 0        | 0        |
| Glider       | 0        | 0        |
| LW Spaceship | 0        | 0        |
|--------------+----------+----------|
| Total        | 2        |          |
--------------------------------------

Iteration: 120
--------------------------------------
|              |   Count  | Percent  |
|--------------+----------+----------|
| Block        | 1        | 50       |
| Beehive      | 1        | 50       |
| Loaf         | 0        | 0        |
| Boat         | 0        | 0        |
| Tub          | 0        | 0        |
| Blinker      | 0        | 0        |
| Toad         | 0        | 0        |
| Beacon       | 0        | 0        |
| Glider       | 0        | 0        |
| LW Spaceship | 0        | 0        |
|--------------+----------+----------|
| Total        | 2        |          |
--------------------------------------

Iteration: 121
--------------------------------------
|              |   Count  | Percent  |
|--------------+----------+----------|
| Block        | 1        | 50       |
| Beehive      | 1        | 50       |
| Loaf         | 0        | 0        |
| Boat         | 0        | 0        |
| Tub          | 0        | 0        |
| Blinker      | 0        | 0        |
| Toad         | 0        | 0        |
| Beacon       | 0        | 0        |
| Glider       | 0        | 0        |
| LW Spaceship | 0        | 0        |
|--------------+----------+----------|
| Total        | 2        |          |
--------------------------------------

Iteration: 122
--------------------------------------
|              |   Count  | Percent  |
|--------------+----------+----------|
| Block        | 1        | 50       |
| Beehive      | 1        | 50       |
| Loaf         | 0        | 0        |
| Boat         | 0        | 0        |
| Tub          | 0        | 0        |
| Blinker      | 0        | 0        |
| Toad         | 0        | 0        |
| Beacon       | 0        | 0        |
| Glider       | 0        | 0        |
| LW Spaceship | 0        | 0        |
|--------------+----------+----------|
| Total        | 2        |          |
--------------------------------------

Iteration: 123
--------------------------------------
|              |   Count  | Percent  |
|--------------+----------+----------|
| Block        | 1        | 50       |
| Beehive      | 1        | 50       |
| Loaf         | 0        | 0        |
| Boat         | 0        | 0        |
| Tub          | 0        | 0        |
| Blinker      | 0        | 0        |
| Toad         | 0        | 0        |
| Beacon       | 0        | 0        |
| Glider       | 0        | 0        |
| LW Spaceship | 0        | 0        |
|--------------+----------+----------|
| Total        | 2        |          |
--------------------------------------

Iteration: 124
--------------------------------------
|              |   Count  | Percent  |
|--------------+----------+----------|
| Block        | 1        | 50       |
| Beehive      | 1        | 50       |
| Loaf         | 0        | 0        |
| Boat         | 0        | 0        |
| Tub          | 0        | 0        |
| Blinker      | 0        | 0        |
| Toad         | 0        | 0        |
| Beacon       | 0        | 0        |
| Glider       | 0        | 0        |
| LW Spaceship | 0        | 0        |
|--------------+----------+----------|
| Total        | 2        |          |
--------------------------------------

Iteration: 125
--------------------------------------
|              |   Count  | Percent  |
|--------------+----------+----------|
| Block        | 1        | 50       |
| Beehive      | 1        | 50       |
| Loaf         | 0        | 0        |
| Boat         | 0        | 0        |
| Tub          | 0        | 0        |
| Blinker      | 0        | 0        |
| Toad         | 0        | 0        |
| Beacon       | 0        | 0        |
| Glider       | 0        | 0        |
| LW Spaceship | 0        | 0        |
|--------------+----------+----------|
| Total        | 2        |          |
--------------------------------------