Simulation at 2024-03-04
Universe size: 30 x 30

Iteration: 1
--------------------------------------
|              |   Count  | Percent  |
|--------------+----------+----------|
| Block        | 0        | 0        |
| Beehive      | 0        | 0        |
| Loaf         | 0        | 0        |
| Boat         | 0        | 0        |
| Tub          | 0        | 0        |
| Blinker      | 1        | 50       |
| Toad         | 0        | 0        |
| Beacon       | 1        | 50       |
| Glider       | 0        | 0        |
| LW Spaceship | 0        | 0        |
|--------------+----------+----------|
| Total        | 2        |          |
--------------------------------------

Iteration: 2
--------------------------------------
|              |   Count  | Percent  |
|--------------+----------+----------|
| Block        | 0        | 0        |
| Beehive      | 0        | 0        |
| Loaf         | 0        | 0        |
| Boat         | 0        | 0        |
| Tub          | 0        | 0        |
| Blinker      | 1        | 50       |
| Toad         | 0        | 0        |
| Beacon       | 1        | 50       |
| Glider       | 0        | 0        |
| LW Spaceship | 0        | 0        |
|--------------+----------+----------|
| Total        | 2        |          |
--------------------------------------

Iteration: 3
--------------------------------------
|              |   Count  | Percent  |
|--------------+----------+----------|
| Block        | 1        | 33       |
| Beehive      | 0        | 0        |
| Loaf         | 0        | 0        |
| Boat         | 0        | 0        |
| Tub          | 0        | 0        |
| Blinker      | 1        | 33       |
| Toad         | 0        | 0        |
| Beacon       | 1        | 33       |
| Glider       | 0        | 0        |
| LW Spaceship | 0        | 0        |
|--------------+----------+----------|
| Total        | 3        |          |
--------------------------------------

Iteration: 4
--------------------------------------
|              |   Count  | Percent  |
|--------------+----------+----------|
| Block        | 1        | 33       |
| Beehive      | 0        | 0        |
| Loaf         | 0        | 0        |
| Boat         | 0        | 0        |
| Tub          | 0        | 0        |
| Blinker      | 1        | 33       |
| Toad         | 0        | 0        |
| Beacon       | 1        | 33       |
| Glider       | 0        | 0        |
| LW Spaceship | 0        | 0        |
|--------------+----------+----------|
| Total        | 3        |          |
--------------------------------------

Iteration: 5
--------------------------------------
|              |   Count  | Percent  |
|--------------+----------+----------|
| Block        | 1        | 33       |
| Beehive      | 0        | 0        |
| Loaf         | 0        | 0        |
| Boat         | 0        | 0        |
| Tub          | 0        | 0        |
| Blinker      | 1        | 33       |
| Toad         | 0        | 0        |
| Beacon       | 1        | 33       |
| Glider       | 0        | 0        |
| LW Spaceship | 0        | 0        |
|--------------+----------+----------|
| Total        | 3        |          |
--------------------------------------

Iteration: 6
--------------------------------------
|              |   Count  | Percent  |
|--------------+----------+----------|
| Block        | 1        | 33       |
| Beehive      | 0        | 0        |
| Loaf         | 0        | 0        |
| Boat         | 0        | 0        |
| Tub          | 0        | 0        |
| Blinker      | 1        | 33       |
| Toad         | 0        | 0        |
| Beacon       | 1        | 33       |
| Glider       | 0        | 0        |
| LW Spaceship | 0        | 0        |
|--------------+----------+----------|
| Total        | 3        |          |
--------------------------------------

Iteration: 7
--------------------------------------
|              |   Count  | Percent  |
|--------------+----------+----------|
| Block        | 1        | 33       |
| Beehive      | 0        | 0        |
| Loaf         | 0        | 0        |
| Boat         | 0        | 0        |
| Tub          | 0        | 0        |
| Blinker      | 1        | 33       |
| Toad         | 0        | 0        |
| Beacon       | 1        | 33       |
| Glider       | 0        | 0        |
| LW Spaceship | 0        | 0        |
|--------------+----------+----------|
| Total        | 3        |          |
--------------------------------------

Iteration: 8
--------------------------------------
|              |   Count  | Percent  |
|--------------+----------+----------|
| Block        | 1        | 33       |
| Beehive      | 0        | 0        |
| Loaf         | 0        | 0        |
| Boat         | 0        | 0        |
| Tub          | 0        | 0        |
| Blinker      | 1        | 33       |
| Toad         | 0        | 0        |
| Beacon       | 1        | 33       |
| Glider       | 0        | 0        |
| LW Spaceship | 0        | 0        |
|--------------+----------+----------|
| Total        | 3        |          |
--------------------------------------

Iteration: 9
--------------------------------------
|              |   Count  | Percent  |
|--------------+----------+----------|
| Block        | 1        | 33       |
| Beehive      | 0        | 0        |
| Loaf         | 0        | 0        |
| Boat         | 0        | 0        |
| Tub          | 0        | 0        |
| Blinker      | 1        | 33       |
| Toad         | 0        | 0        |
| Beacon       | 1        | 33       |
| Glider       | 0        | 0        |
| LW Spaceship | 0        | 0        |
|--------------+----------+----------|
| Total        | 3        |          |
--------------------------------------

Iteration: 10
--------------------------------------
|              |   Count  | Percent  |
|--------------+----------+----------|
| Block        | 1        | 33       |
| Beehive      | 0        | 0        |
| Loaf         | 0        | 0        |
| Boat         | 0        | 0        |
| Tub          | 0        | 0        |
| Blinker      | 1        | 33       |
| Toad         | 0        | 0        |
| Beacon       | 1        | 33       |
| Glider       | 0        | 0        |
| LW Spaceship | 0        | 0        |
|--------------+----------+----------|
| Total        | 3        |          |
--------------------------------------

Iteration: 11
--------------------------------------
|              |   Count  | Percent  |
|--------------+----------+----------|
| Block        | 1        | 33       |
| Beehive      | 0        | 0        |
| Loaf         | 0        | 0        |
| Boat         | 0        | 0        |
| Tub          | 0        | 0        |
| Blinker      | 1        | 33       |
| Toad         | 0        | 0        |
| Beacon       | 1        | 33       |
| Glider       | 0        | 0        |
| LW Spaceship | 0        | 0        |
|--------------+----------+----------|
| Total        | 3        |          |
--------------------------------------

Iteration: 12
--------------------------------------
|              |   Count  | Percent  |
|--------------+----------+----------|
| Block        | 1        | 33       |
| Beehive      | 0        | 0        |
| Loaf         | 0        | 0        |
| Boat         | 0        | 0        |
| Tub          | 0        | 0        |
| Blinker      | 1        | 33       |
| Toad         | 0        | 0        |
| Beacon       | 1        | 33       |
| Glider       | 0        | 0        |
| LW Spaceship | 0        | 0        |
|--------------+----------+----------|
| Total        | 3        |          |
--------------------------------------

Iteration: 13
--------------------------------------
|              |   Count  | Percent  |
|--------------+----------+----------|
| Block        | 1        | 33       |
| Beehive      | 0        | 0        |
| Loaf         | 0        | 0        |
| Boat         | 0        | 0        |
| Tub          | 0        | 0        |
| Blinker      | 1        | 33       |
| Toad         | 0        | 0        |
| Beacon       | 1        | 33       |
| Glider       | 0        | 0        |
| LW Spaceship | 0        | 0        |
|--------------+----------+----------|
| Total        | 3        |          |
--------------------------------------

Iteration: 14
--------------------------------------
|              |   Count  | Percent  |
|--------------+----------+----------|
| Block        | 1        | 33       |
| Beehive      | 0        | 0        |
| Loaf         | 0        | 0        |
| Boat         | 0        | 0        |
| Tub          | 0        | 0        |
| Blinker      | 1        | 33       |
| Toad         | 0        | 0        |
| Beacon       | 1        | 33       |
| Glider       | 0        | 0        |
| LW Spaceship | 0        | 0        |
|--------------+----------+----------|
| Total        | 3        |          |
--------------------------------------

Iteration: 15
--------------------------------------
|              |   Count  | Percent  |
|--------------+----------+----------|
| Block        | 1        | 33       |
| Beehive      | 0        | 0        |
| Loaf         | 0        | 0        |
| Boat         | 0        | 0        |
| Tub          | 0        | 0        |
| Blinker      | 1        | 33       |
| Toad         | 0        | 0        |
| Beacon       | 1        | 33       |
| Glider       | 0        | 0        |
| LW Spaceship | 0        | 0        |
|--------------+----------+----------|
| Total        | 3        |          |
--------------------------------------

Iteration: 16
--------------------------------------
|              |   Count  | Percent  |
|--------------+----------+----------|
| Block        | 1        | 33       |
| Beehive      | 0        | 0        |
| Loaf         | 0        | 0        |
| Boat         | 0        | 0        |
| Tub          | 0        | 0        |
| Blinker      | 1        | 33       |
| Toad         | 0        | 0        |
| Beacon       | 1        | 33       |
| Glider       | 0        | 0        |
| LW Spaceship | 0        | 0        |
|--------------+----------+----------|
| Total        | 3        |          |
--------------------------------------

Iteration: 17
--------------------------------------
|              |   Count  | Percent  |
|--------------+----------+----------|
| Block        | 1        | 33       |
| Beehive      | 0        | 0        |
| Loaf         | 0        | 0        |
| Boat         | 0        | 0        |
| Tub          | 0        | 0        |
| Blinker      | 1        | 33       |
| Toad         | 0        | 0        |
| Beacon       | 1        | 33       |
| Glider       | 0        | 0        |
| LW Spaceship | 0        | 0        |
|--------------+----------+----------|
| Total        | 3        |          |
--------------------------------------

Iteration: 18
--------------------------------------
|              |   Count  | Percent  |
|--------------+----------+----------|
| Block        | 1        | 33       |
| Beehive      | 0        | 0        |
| Loaf         | 0        | 0        |
| Boat         | 0        | 0        |
| Tub          | 0        | 0        |
| Blinker      | 1        | 33       |
| Toad         | 0        | 0        |
| Beacon       | 1        | 33       |
| Glider       | 0        | 0        |
| LW Spaceship | 0        | 0        |
|--------------+----------+----------|
| Total        | 3        |          |
--------------------------------------

Iteration: 19
--------------------------------------
|              |   Count  | Percent  |
|--------------+----------+----------|
| Block        | 1        | 33       |
| Beehive      | 0        | 0        |
| Loaf         | 0        | 0        |
| Boat         | 0        | 0        |
| Tub          | 0        | 0        |
| Blinker      | 1        | 33       |
| Toad         | 0        | 0        |
| Beacon       | 1        | 33       |
| Glider       | 0        | 0        |
| LW Spaceship | 0        | 0        |
|--------------+----------+----------|
| Total        | 3        |          |
--------------------------------------

Iteration: 20
--------------------------------------
|              |   Count  | Percent  |
|--------------+----------+----------|
| Block        | 1        | 33       |
| Beehive      | 0        | 0        |
| Loaf         | 0        | 0        |
| Boat         | 0        | 0        |
| Tub          | 0        | 0        |
| Blinker      | 1        | 33       |
| Toad         | 0        | 0        |
| Beacon       | 1        | 33       |
| Glider       | 0        | 0        |
| LW Spaceship | 0        | 0        |
|--------------+----------+----------|
| Total        | 3        |          |
--------------------------------------

Iteration: 21
--------------------------------------
|              |   Count  | Percent  |
|--------------+----------+----------|
| Block        | 1        | 33       |
| Beehive      | 0        | 0        |
| Loaf         | 0        | 0        |
| Boat         | 0        | 0        |
| Tub          | 0        | 0        |
| Blinker      | 1        | 33       |
| Toad         | 0        | 0        |
| Beacon       | 1        | 33       |
| Glider       | 0        | 0        |
| LW Spaceship | 0        | 0        |
|--------------+----------+----------|
| Total        | 3        |          |
--------------------------------------

Iteration: 22
--------------------------------------
|              |   Count  | Percent  |
|--------------+----------+----------|
| Block        | 1        | 33       |
| Beehive      | 0        | 0        |
| Loaf         | 0        | 0        |
| Boat         | 0        | 0        |
| Tub          | 0        | 0        |
| Blinker      | 1        | 33       |
| Toad         | 0        | 0        |
| Beacon       | 1        | 33       |
| Glider       | 0        | 0        |
| LW Spaceship | 0        | 0        |
|--------------+----------+----------|
| Total        | 3        |          |
--------------------------------------